#
# A fatal error has been detected by the Java Runtime Environment:
#
# java.lang.OutOfMemoryError: requested 39608 bytes for Chunk::new. Out of swap space?
#
#  Internal Error (allocation.cpp:215), pid=16347, tid=2656803696
#  Error: Chunk::new
#
# JRE version: 6.0_17-b04
# Java VM: Java HotSpot(TM) Server VM (14.3-b01 mixed mode linux-x86 )
# If you would like to submit a bug report, please visit:
#   http://java.sun.com/webapps/bugreport/crash.jsp
#

---------------  T H R E A D  ---------------

Current thread (0x0987b800):  JavaThread "CompilerThread1" daemon [_thread_in_native, id=16360, stack(0x9e53a000,0x9e5ba000)]

Stack: [0x9e53a000,0x9e5ba000],  sp=0x9e5b7a00,  free space=502k
Native frames: (J=compiled Java code, j=interpreted, Vv=VM code, C=native code)
V  [libjvm.so+0x64faba]
V  [libjvm.so+0x291cff]
V  [libjvm.so+0x11cb4c]
V  [libjvm.so+0x11d046]
V  [libjvm.so+0x34014b]
V  [libjvm.so+0x202fa1]
V  [libjvm.so+0x25bdc6]
V  [libjvm.so+0x258655]
V  [libjvm.so+0x1f2c4f]
V  [libjvm.so+0x260d0b]
V  [libjvm.so+0x260629]
V  [libjvm.so+0x617306]
V  [libjvm.so+0x61097e]
V  [libjvm.so+0x531cce]
C  [libpthread.so.0+0x57f0]


Current CompileTask:
C2: 41      java.lang.String.lastIndexOf([CII[CIII)I (151 bytes)


---------------  P R O C E S S  ---------------

Java Threads: ( => current thread )
  0x9d834800 JavaThread "JMI Unnamed Thread" [_thread_in_native, id=16354, stack(0xaf314000,0xafd14000)]
  0x0987d400 JavaThread "Low Memory Detector" daemon [_thread_blocked, id=16361, stack(0x9e4ea000,0x9e53a000)]
=>0x0987b800 JavaThread "CompilerThread1" daemon [_thread_in_native, id=16360, stack(0x9e53a000,0x9e5ba000)]
  0x09878c00 JavaThread "CompilerThread0" daemon [_thread_blocked, id=16359, stack(0x9e5ba000,0x9e63a000)]
  0x09877400 JavaThread "Attach Listener" daemon [_thread_blocked, id=16358, stack(0x9e63a000,0x9e68a000)]
  0x09865000 JavaThread "Finalizer" daemon [_thread_blocked, id=16357, stack(0x9e68a000,0x9e6da000)]
  0x09863800 JavaThread "Reference Handler" daemon [_thread_blocked, id=16356, stack(0x9e6da000,0x9e72a000)]
  0x097bc000 JavaThread "main" [_thread_in_native, id=16353, stack(0xb0714000,0xb1114000)]

Other Threads:
  0x09860c00 VMThread [stack: 0x9e72a000,0x9e7aa000] [id=16355]
  0x098b3400 WatcherThread [stack: 0x9e46a000,0x9e4ea000] [id=16362]

VM state:not at safepoint (normal execution)

VM Mutex/Monitor currently owned by a thread: None

Heap
 def new generation   total 14784K, used 10832K [0x9e940000, 0x9f940000, 0xa0940000)
  eden space 13184K,  82% used [0x9e940000, 0x9f3d4188, 0x9f620000)
  from space 1600K,   0% used [0x9f620000, 0x9f620000, 0x9f7b0000)
  to   space 1600K,   0% used [0x9f7b0000, 0x9f7b0000, 0x9f940000)
 tenured generation   total 49152K, used 0K [0xa0940000, 0xa3940000, 0xa6940000)
   the space 49152K,   0% used [0xa0940000, 0xa0940000, 0xa0940200, 0xa3940000)
 compacting perm gen  total 16384K, used 4610K [0xa6940000, 0xa7940000, 0xaa940000)
   the space 16384K,  28% used [0xa6940000, 0xa6dc0a88, 0xa6dc0c00, 0xa7940000)
No shared spaces configured.

Dynamic libraries:
08048000-0804b000 r-xp 00000000 09:01 152700596                          /var/www/chicagowebdice/diceDriver
0804b000-0804c000 rw-p 00002000 09:01 152700596                          /var/www/chicagowebdice/diceDriver
09513000-095dc000 rw-p 09513000 00:00 0 
095dc000-095dd000 rwxp 095dc000 00:00 0 
095dd000-09c6f000 rw-p 095dd000 00:00 0 
09c6f000-09c70000 rwxp 09c6f000 00:00 0 
09c70000-0a177000 rw-p 09c70000 00:00 0 
0a177000-0a178000 rwxp 0a177000 00:00 0 
0a178000-0a17a000 rw-p 0a178000 00:00 0 
0a17a000-0a17c000 rwxp 0a17a000 00:00 0 
0a17c000-0a193000 rw-p 0a17c000 00:00 0 
0a193000-0a194000 rwxp 0a193000 00:00 0 
0a194000-0a19f000 rw-p 0a194000 00:00 0 
0a19f000-0a1a0000 rwxp 0a19f000 00:00 0 
0a1a0000-0a1a8000 rw-p 0a1a0000 00:00 0 
0a1a8000-0a1a9000 rwxp 0a1a8000 00:00 0 
0a1a9000-0a1b1000 rw-p 0a1a9000 00:00 0 
0a1b1000-0a1b3000 rwxp 0a1b1000 00:00 0 
0a1b3000-0a1b5000 rw-p 0a1b3000 00:00 0 
0a1b5000-0a1b6000 rwxp 0a1b5000 00:00 0 
0a1b6000-0a1bf000 rw-p 0a1b6000 00:00 0 
0a1bf000-0a1c2000 rwxp 0a1bf000 00:00 0 
0a1c2000-0a1c8000 rw-p 0a1c2000 00:00 0 
0a1c8000-0a1ca000 rwxp 0a1c8000 00:00 0 
0a1ca000-0a1cc000 rw-p 0a1ca000 00:00 0 
0a1cc000-0a1cd000 rwxp 0a1cc000 00:00 0 
0a1cd000-0a1d7000 rw-p 0a1cd000 00:00 0 
0a1d7000-0a1d9000 rwxp 0a1d7000 00:00 0 
0a1d9000-0a1e4000 rw-p 0a1d9000 00:00 0 
0a1e4000-0a1e5000 rwxp 0a1e4000 00:00 0 
0a1e5000-0a1f4000 rw-p 0a1e5000 00:00 0 
0a1f4000-0a1f6000 rwxp 0a1f4000 00:00 0 
0a1f6000-0a226000 rw-p 0a1f6000 00:00 0 
0a226000-0a227000 rwxp 0a226000 00:00 0 
0a227000-0a228000 rw-p 0a227000 00:00 0 
0a228000-0a229000 rwxp 0a228000 00:00 0 
0a229000-0a22d000 rw-p 0a229000 00:00 0 
0a22d000-0a22e000 rwxp 0a22d000 00:00 0 
0a22e000-0a233000 rw-p 0a22e000 00:00 0 
0a233000-0a234000 rwxp 0a233000 00:00 0 
0a234000-0a238000 rw-p 0a234000 00:00 0 
0a238000-0a23b000 rwxp 0a238000 00:00 0 
0a23b000-0a23c000 rw-p 0a23b000 00:00 0 
0a23c000-0a23d000 rwxp 0a23c000 00:00 0 
0a23d000-0a23f000 rw-p 0a23d000 00:00 0 
0a23f000-0a240000 rwxp 0a23f000 00:00 0 
0a240000-0a242000 rw-p 0a240000 00:00 0 
0a242000-0a245000 rwxp 0a242000 00:00 0 
0a245000-0a24a000 rw-p 0a245000 00:00 0 
0a24a000-0a24b000 rwxp 0a24a000 00:00 0 
0a24b000-0a250000 rw-p 0a24b000 00:00 0 
0a250000-0a253000 rwxp 0a250000 00:00 0 
0a253000-0a256000 rw-p 0a253000 00:00 0 
0a256000-0a258000 rwxp 0a256000 00:00 0 
0a258000-0a269000 rw-p 0a258000 00:00 0 
0a269000-0a26a000 rwxp 0a269000 00:00 0 
0a26a000-0a26e000 rw-p 0a26a000 00:00 0 
0a26e000-0a26f000 rwxp 0a26e000 00:00 0 
0a26f000-0a273000 rw-p 0a26f000 00:00 0 
0a273000-0a274000 rwxp 0a273000 00:00 0 
0a274000-0a290000 rw-p 0a274000 00:00 0 
0a290000-0a292000 rwxp 0a290000 00:00 0 
0a292000-0a29b000 rw-p 0a292000 00:00 0 
0a29b000-0a29c000 rwxp 0a29b000 00:00 0 
0a29c000-0a2bb000 rw-p 0a29c000 00:00 0 
0a2bb000-0a2be000 rwxp 0a2bb000 00:00 0 
0a2be000-0a2bf000 rw-p 0a2be000 00:00 0 
0a2bf000-0a2c0000 rwxp 0a2bf000 00:00 0 
0a2c0000-0a2c5000 rw-p 0a2c0000 00:00 0 
0a2c5000-0a2c6000 rwxp 0a2c5000 00:00 0 
0a2c6000-0a2cf000 rw-p 0a2c6000 00:00 0 
0a2cf000-0a2d1000 rwxp 0a2cf000 00:00 0 
0a2d1000-0a2e6000 rw-p 0a2d1000 00:00 0 
9c8c9000-9c977000 r-xp 00000000 09:01 162797362                          /usr/local/MATLAB/MATLAB_Compiler_Runtime/v716/sys/os/glnx86/libgfortran.so.3.0.0
9c977000-9c978000 rw-p 000ad000 09:01 162797362                          /usr/local/MATLAB/MATLAB_Compiler_Runtime/v716/sys/os/glnx86/libgfortran.so.3.0.0
9c978000-9c979000 rw-p 9c978000 00:00 0 
9c979000-9c9c9000 r-xp 00000000 09:01 162797331                          /usr/local/MATLAB/MATLAB_Compiler_Runtime/v716/bin/glnx86/libmwumfpack.so
9c9c9000-9c9ca000 rw-p 0004f000 09:01 162797331                          /usr/local/MATLAB/MATLAB_Compiler_Runtime/v716/bin/glnx86/libmwumfpack.so
9c9ca000-9c9ec000 r-xp 00000000 09:01 162797330                          /usr/local/MATLAB/MATLAB_Compiler_Runtime/v716/bin/glnx86/libmwspqr.so
9c9ec000-9c9ed000 rw-p 00021000 09:01 162797330                          /usr/local/MATLAB/MATLAB_Compiler_Runtime/v716/bin/glnx86/libmwspqr.so
9c9ed000-9ca1d000 r-xp 00000000 09:01 162797329                          /usr/local/MATLAB/MATLAB_Compiler_Runtime/v716/bin/glnx86/libmwrookfastbp.so
9ca1d000-9ca1e000 rw-p 0002f000 09:01 162797329                          /usr/local/MATLAB/MATLAB_Compiler_Runtime/v716/bin/glnx86/libmwrookfastbp.so
9ca1e000-9ca43000 r-xp 00000000 09:01 162797311                          /usr/local/MATLAB/MATLAB_Compiler_Runtime/v716/bin/glnx86/libmwma57.so
9ca43000-9ca44000 rw-p 00024000 09:01 162797311                          /usr/local/MATLAB/MATLAB_Compiler_Runtime/v716/bin/glnx86/libmwma57.so
9ca44000-9cb56000 r-xp 00000000 09:01 162797449                          /usr/local/MATLAB/MATLAB_Compiler_Runtime/v716/bin/glnx86/libmwmathlinalg.so
9cb56000-9cb58000 rw-p 00111000 09:01 162797449                          /usr/local/MATLAB/MATLAB_Compiler_Runtime/v716/bin/glnx86/libmwmathlinalg.so
9cb58000-9cbdc000 r-xp 00000000 09:01 162796715                          /usr/local/MATLAB/MATLAB_Compiler_Runtime/v716/sys/java/jre/glnx86/jre/lib/i386/libawt.so
9cbdc000-9cbe3000 rw-p 00084000 09:01 162796715                          /usr/local/MATLAB/MATLAB_Compiler_Runtime/v716/sys/java/jre/glnx86/jre/lib/i386/libawt.so
9cbe3000-9cc07000 rw-p 9cbe3000 00:00 0 
9cc07000-9ccb4000 r-xp 00000000 09:01 162797461                          /usr/local/MATLAB/MATLAB_Compiler_Runtime/v716/bin/glnx86/libmwhgbuiltins.so
9ccb4000-9ccb8000 rw-p 000ad000 09:01 162797461                          /usr/local/MATLAB/MATLAB_Compiler_Runtime/v716/bin/glnx86/libmwhgbuiltins.so
9ccb8000-9d309000 r-xp 00000000 09:01 162797447                          /usr/local/MATLAB/MATLAB_Compiler_Runtime/v716/bin/glnx86/libmwmathelem.so
9d309000-9d317000 rw-p 00651000 09:01 162797447                          /usr/local/MATLAB/MATLAB_Compiler_Runtime/v716/bin/glnx86/libmwmathelem.so
9d317000-9d561000 r-xp 00000000 09:01 162797453                          /usr/local/MATLAB/MATLAB_Compiler_Runtime/v716/bin/glnx86/libmwbuiltins.so
9d561000-9d56e000 rw-p 00249000 09:01 162797453                          /usr/local/MATLAB/MATLAB_Compiler_Runtime/v716/bin/glnx86/libmwbuiltins.so
9d56e000-9d688000 rw-p 9d56e000 00:00 0 
9d688000-9d700000 ---p 9d688000 00:00 0 
9d70b000-9d715000 r-xp 00000000 09:01 162796447                          /usr/local/MATLAB/MATLAB_Compiler_Runtime/v716/bin/glnx86/libmwcsparse.so
9d715000-9d716000 rw-p 00009000 09:01 162796447                          /usr/local/MATLAB/MATLAB_Compiler_Runtime/v716/bin/glnx86/libmwcsparse.so
9d716000-9d720000 r-xp 00000000 09:01 162797886                          /usr/local/MATLAB/MATLAB_Compiler_Runtime/v716/bin/glnx86/libmwmclinstancedata.so
9d720000-9d721000 rw-p 0000a000 09:01 162797886                          /usr/local/MATLAB/MATLAB_Compiler_Runtime/v716/bin/glnx86/libmwmclinstancedata.so
9d721000-9d723000 r-xp 00000000 09:01 162797456                          /usr/local/MATLAB/MATLAB_Compiler_Runtime/v716/bin/glnx86/libnativeservices.so
9d723000-9d724000 rw-p 00002000 09:01 162797456                          /usr/local/MATLAB/MATLAB_Compiler_Runtime/v716/bin/glnx86/libnativeservices.so
9d724000-9d72a000 r--s 0009e000 09:01 160991298                          /usr/local/MATLAB/MATLAB_Compiler_Runtime/v716/java/jarext/bluecove.jar
9d72a000-9d72c000 r--s 00013000 09:01 160991297                          /usr/local/MATLAB/MATLAB_Compiler_Runtime/v716/java/jarext/bluecove-emu.jar
9d72c000-9d730000 r--s 00021000 09:01 160991301                          /usr/local/MATLAB/MATLAB_Compiler_Runtime/v716/java/jarext/bluecove-bluez.jar
9d730000-9d732000 r--s 00005000 09:01 161022769                          /usr/local/MATLAB/MATLAB_Compiler_Runtime/v716/java/jar/mvm.jar
9d732000-9d733000 r--s 00009000 09:01 161022768                          /usr/local/MATLAB/MATLAB_Compiler_Runtime/v716/java/jar/fatalexit.jar
9d733000-9d734000 r--s 00005000 09:01 161022771                          /usr/local/MATLAB/MATLAB_Compiler_Runtime/v716/java/jar/timer.jar
9d734000-9d737000 r--s 0000d000 09:01 161022766                          /usr/local/MATLAB/MATLAB_Compiler_Runtime/v716/java/jar/mlservices.jar
9d737000-9d771000 r--s 00276000 09:01 161022772                          /usr/local/MATLAB/MATLAB_Compiler_Runtime/v716/java/jar/widgets.jar
9d771000-9d7fc000 r-xp 00000000 09:01 162797406                          /usr/local/MATLAB/MATLAB_Compiler_Runtime/v716/bin/glnx86/libnativejmi.so
9d7fc000-9d800000 rw-p 0008a000 09:01 162797406                          /usr/local/MATLAB/MATLAB_Compiler_Runtime/v716/bin/glnx86/libnativejmi.so
9d800000-9d8f7000 rw-p 9d800000 00:00 0 
9d8f7000-9d900000 ---p 9d8f7000 00:00 0 
9d900000-9da00000 rw-p 9d900000 00:00 0 
9da01000-9da02000 r-xp 00000000 09:01 162798526                          /usr/local/MATLAB/MATLAB_Compiler_Runtime/v716/toolbox/compiler/deploywhich.mexglx
9da02000-9da03000 rw-p 00000000 09:01 162798526                          /usr/local/MATLAB/MATLAB_Compiler_Runtime/v716/toolbox/compiler/deploywhich.mexglx
9da03000-9da05000 r-xp 00000000 09:01 162797440                          /usr/local/MATLAB/MATLAB_Compiler_Runtime/v716/bin/glnx86/libmwumfpack_api.so
9da05000-9da06000 rw-p 00001000 09:01 162797440                          /usr/local/MATLAB/MATLAB_Compiler_Runtime/v716/bin/glnx86/libmwumfpack_api.so
9da06000-9da0b000 r-xp 00000000 09:01 162796880                          /usr/local/MATLAB/MATLAB_Compiler_Runtime/v716/sys/java/jre/glnx86/jre/lib/i386/headless/libmawt.so
9da0b000-9da0c000 rw-p 00004000 09:01 162796880                          /usr/local/MATLAB/MATLAB_Compiler_Runtime/v716/sys/java/jre/glnx86/jre/lib/i386/headless/libmawt.so
9da0c000-9da0f000 r-xp 00000000 09:01 162797398                          /usr/local/MATLAB/MATLAB_Compiler_Runtime/v716/bin/glnx86/libmwmathxps.so
9da0f000-9da10000 rw-p 00002000 09:01 162797398                          /usr/local/MATLAB/MATLAB_Compiler_Runtime/v716/bin/glnx86/libmwmathxps.so
9da10000-9da13000 r--s 00027000 09:01 162797292                          /usr/local/MATLAB/MATLAB_Compiler_Runtime/v716/sys/java/jre/glnx86/jre/lib/ext/sunjce_provider.jar
9da13000-9da1a000 r--s 00082000 09:01 162796554                          /usr/local/MATLAB/MATLAB_Compiler_Runtime/v716/sys/java/jre/glnx86/jre/lib/jsse.jar
9da1a000-9da1e000 r-xp 00000000 09:01 162797435                          /usr/local/MATLAB/MATLAB_Compiler_Runtime/v716/bin/glnx86/libnativelmgr.so
9da1e000-9da1f000 rw-p 00003000 09:01 162797435                          /usr/local/MATLAB/MATLAB_Compiler_Runtime/v716/bin/glnx86/libnativelmgr.so
9da1f000-9da26000 r--s 00047000 09:01 161022767                          /usr/local/MATLAB/MATLAB_Compiler_Runtime/v716/java/jar/jmi.jar
9da26000-9da31000 r--s 0004b000 09:01 161022788                          /usr/local/MATLAB/MATLAB_Compiler_Runtime/v716/java/jar/comparisons.jar
9da31000-9da49000 r--s 00470000 09:01 160989936                          /usr/local/MATLAB/MATLAB_Compiler_Runtime/v716/java/jarext/saxon9.jar
9da49000-9da4a000 r--s 00002000 09:01 160991224                          /usr/local/MATLAB/MATLAB_Compiler_Runtime/v716/java/jarext/tablelayout.jar
9da4a000-9da52000 r--s 0005b000 09:01 160991271                          /usr/local/MATLAB/MATLAB_Compiler_Runtime/v716/java/jarext/lucene-core-2.0.0.jar
9da52000-9da54000 r--s 0000d000 09:01 160991272                          /usr/local/MATLAB/MATLAB_Compiler_Runtime/v716/java/jarext/lucene-analyzers-2.0.0.jar
9da54000-9da57000 r--s 00010000 09:01 161054750                          /usr/local/MATLAB/MATLAB_Compiler_Runtime/v716/java/jarext/jide/jide-shortcut.jar
9da57000-9da73000 r--s 0013e000 09:01 161054754                          /usr/local/MATLAB/MATLAB_Compiler_Runtime/v716/java/jarext/jide/jide-grids.jar
9da73000-9da81000 r--s 0003f000 09:01 161054752                          /usr/local/MATLAB/MATLAB_Compiler_Runtime/v716/java/jarext/jide/jide-properties.jar
9da81000-9da83000 r--s 0000c000 09:01 161054749                          /usr/local/MATLAB/MATLAB_Compiler_Runtime/v716/java/jarext/jide/jide-dialogs.jar
9da83000-9da8a000 r--s 00045000 09:01 161054753                          /usr/local/MATLAB/MATLAB_Compiler_Runtime/v716/java/jarext/jide/jide-components.jar
9da8a000-9da90000 r--s 00046000 09:01 161054751                          /usr/local/MATLAB/MATLAB_Compiler_Runtime/v716/java/jarext/jide/jide-dock.jar
9da90000-9daab000 r--s 00132000 09:01 161054748                          /usr/local/MATLAB/MATLAB_Compiler_Runtime/v716/java/jarext/jide/jide-common.jar
9daab000-9dab0000 r--s 0002a000 09:01 161054747                          /usr/local/MATLAB/MATLAB_Compiler_Runtime/v716/java/jarext/jide/jide-action.jar
9dab0000-9dab8000 r--s 00084000 09:01 160991185                          /usr/local/MATLAB/MATLAB_Compiler_Runtime/v716/java/jarext/saxon.jar
9dab8000-9dabc000 r--s 00026000 09:01 161054760                          /usr/local/MATLAB/MATLAB_Compiler_Runtime/v716/java/jar/org/openide.jar
9dabc000-9dad4000 r--s 0012a000 09:01 161054756                          /usr/local/MATLAB/MATLAB_Compiler_Runtime/v716/java/jar/org/netbeans.jar
9dad4000-9dada000 r--s 00048000 09:01 161022752                          /usr/local/MATLAB/MATLAB_Compiler_Runtime/v716/java/jar/toolstrip.jar
9dada000-9dade000 r--s 00018000 09:01 161022758                          /usr/local/MATLAB/MATLAB_Compiler_Runtime/v716/java/jar/desktop.jar
9dade000-9dadf000 r--s 00004000 09:01 161022751                          /usr/local/MATLAB/MATLAB_Compiler_Runtime/v716/java/jar/xml.jar
9dadf000-9daea000 r--s 00096000 09:01 161022753                          /usr/local/MATLAB/MATLAB_Compiler_Runtime/v716/java/jar/mwt.jar
9daea000-9daee000 r--s 00012000 09:01 161022754                          /usr/local/MATLAB/MATLAB_Compiler_Runtime/v716/java/jar/beans.jar
9daee000-9db00000 r--s 000b6000 09:01 161022757                          /usr/local/MATLAB/MATLAB_Compiler_Runtime/v716/java/jar/mwswing.jar
9db00000-9dbf9000 rw-p 9db00000 00:00 0 
9dbf9000-9dc00000 ---p 9dbf9000 00:00 0 
9dc00000-9dcfc000 rw-p 9dc00000 00:00 0 
9dcfc000-9dd00000 ---p 9dcfc000 00:00 0 
9dd01000-9dd05000 r--s 00021000 09:01 161022770                          /usr/local/MATLAB/MATLAB_Compiler_Runtime/v716/java/jar/services.jar
9dd05000-9dd0a000 r--s 00012000 09:01 161022773                          /usr/local/MATLAB/MATLAB_Compiler_Runtime/v716/java/jar/matlab.jar
9dd0a000-9dd0c000 r--s 00029000 09:01 160989948                          /usr/local/MATLAB/MATLAB_Compiler_Runtime/v716/java/jarext/saxon9-xqj.jar
9dd0c000-9dd0d000 r--s 0000a000 09:01 160989943                          /usr/local/MATLAB/MATLAB_Compiler_Runtime/v716/java/jarext/saxon9-xpath.jar
9dd0d000-9dd0f000 r--s 0000a000 09:01 160989933                          /usr/local/MATLAB/MATLAB_Compiler_Runtime/v716/java/jarext/saxon9-xom.jar
9dd0f000-9dd1a000 r--s 000b8000 09:01 161022756                          /usr/local/MATLAB/MATLAB_Compiler_Runtime/v716/java/jar/common.jar
9dd1a000-9dd21000 r--s 00037000 09:01 161022755                          /usr/local/MATLAB/MATLAB_Compiler_Runtime/v716/java/jar/util.jar
9dd21000-9dd23000 r--s 00002000 09:01 161054759                          /usr/local/MATLAB/MATLAB_Compiler_Runtime/v716/java/jar/test/tools/util.jar
9dd23000-9dd25000 r--s 0000d000 09:01 160991294                          /usr/local/MATLAB/MATLAB_Compiler_Runtime/v716/java/jarext/RXTXcomm.jar
9dd25000-9dd26000 r--s 00000000 09:01 161021967                          /usr/local/MATLAB/MATLAB_Compiler_Runtime/v716/java/jar/foundation_libraries.jar
9dd26000-9dd31000 r--s 0005e000 09:01 160991276                          /usr/local/MATLAB/MATLAB_Compiler_Runtime/v716/java/jarext/webrenderer.jar
9dd31000-9dd34000 r--s 00019000 09:01 160991193                          /usr/local/MATLAB/MATLAB_Compiler_Runtime/v716/java/jarext/scr.jar
9dd34000-9dd3a000 r--s 00054000 09:01 160991192                          /usr/local/MATLAB/MATLAB_Compiler_Runtime/v716/java/jarext/felix.jar
9dd3a000-9dd42000 r--s 0003b000 09:01 161022789                          /usr/local/MATLAB/MATLAB_Compiler_Runtime/v716/java/jar/xwidgets.jar
9dd42000-9dd7f000 r--s 0029f000 09:01 161022790                          /usr/local/MATLAB/MATLAB_Compiler_Runtime/v716/java/jar/mde.jar
9dd7f000-9dd81000 r--s 0000d000 09:01 160991230                          /usr/local/MATLAB/MATLAB_Compiler_Runtime/v716/java/jarext/commons-logging.jar
9dd81000-9dd85000 r--s 00020000 09:01 160991233                          /usr/local/MATLAB/MATLAB_Compiler_Runtime/v716/java/jarext/commons-compress.jar
9dd85000-9dd87000 r--s 00002000 09:01 160989921                          /usr/local/MATLAB/MATLAB_Compiler_Runtime/v716/java/jarext/ant-launcher.jar
9dd87000-9dd9e000 r--s 0015c000 09:01 160989923                          /usr/local/MATLAB/MATLAB_Compiler_Runtime/v716/java/jarext/ant.jar
9dd9e000-9dda1000 r--s 00016000 09:01 161054776                          /usr/local/MATLAB/MATLAB_Compiler_Runtime/v716/java/jarext/ice/ib6http.jar
9dda1000-9dda4000 r--s 00011000 09:01 161054772                          /usr/local/MATLAB/MATLAB_Compiler_Runtime/v716/java/jarext/ice/ib6extra.jar
9dda4000-9ddad000 r--s 00081000 09:01 161054769                          /usr/local/MATLAB/MATLAB_Compiler_Runtime/v716/java/jarext/ice/ib6core.jar
9ddad000-9ddb5000 r--s 000a0000 09:01 161054775                          /usr/local/MATLAB/MATLAB_Compiler_Runtime/v716/java/jarext/ice/ice.jar
9ddb5000-9ddb7000 r--s 00018000 09:01 160991274                          /usr/local/MATLAB/MATLAB_Compiler_Runtime/v716/java/jarext/nekohtml.jar
9ddb7000-9ddc7000 r--s 000a7000 09:01 160991236                          /usr/local/MATLAB/MATLAB_Compiler_Runtime/v716/java/jarext/glazedlists_java15.jar
9ddc7000-9ddcb000 r--s 0001c000 09:01 160991283                          /usr/local/MATLAB/MATLAB_Compiler_Runtime/v716/java/jarext/helpsearch.jar
9ddcb000-9ddcd000 r--s 00007000 09:01 160991206                          /usr/local/MATLAB/MATLAB_Compiler_Runtime/v716/java/jarext/foxtrot.jar
9ddcd000-9ddd1000 r--s 00038000 09:01 160991202                          /usr/local/MATLAB/MATLAB_Compiler_Runtime/v716/java/jarext/commons-lang.jar
9ddd1000-9ddd3000 r--s 0000b000 09:01 162332716                          /usr/local/MATLAB/MATLAB_Compiler_Runtime/v716/java/jarext/distcomp/wrapper.jar
9ddd3000-9ddde000 r--s 00057000 09:01 161022765                          /usr/local/MATLAB/MATLAB_Compiler_Runtime/v716/java/jar/activationclient.jar
9ddde000-9dde2000 r--s 0002c000 09:01 161022764                          /usr/local/MATLAB/MATLAB_Compiler_Runtime/v716/java/jar/activation.jar
9dde2000-9dde4000 r--s 0000a000 09:01 160991194                          /usr/local/MATLAB/MATLAB_Compiler_Runtime/v716/java/jarext/commons-codec.jar
9dde4000-9dde7000 r--s 00013000 09:01 161022783                          /usr/local/MATLAB/MATLAB_Compiler_Runtime/v716/java/jar/html.jar
9dde7000-9ddea000 r--s 00013000 09:01 162332709                          /usr/local/MATLAB/MATLAB_Compiler_Runtime/v716/java/jarext/distcomp/jini2/lib/phoenix.jar
9ddea000-9ddec000 r--s 0000b000 09:01 162332699                          /usr/local/MATLAB/MATLAB_Compiler_Runtime/v716/java/jarext/distcomp/jini2/lib/start.jar
9ddec000-9dded000 r--s 00005000 09:01 162332690                          /usr/local/MATLAB/MATLAB_Compiler_Runtime/v716/java/jarext/distcomp/jini2/lib/sharedvm.jar
9dded000-9ddee000 r--s 00000000 09:01 162332705                          /usr/local/MATLAB/MATLAB_Compiler_Runtime/v716/java/jarext/distcomp/jini2/lib/group-dl.jar
9ddee000-9ddf0000 r--s 00005000 09:01 162332701                          /usr/local/MATLAB/MATLAB_Compiler_Runtime/v716/java/jarext/distcomp/jini2/lib/jsk-policy.jar
9ddf0000-9ddf4000 r--s 00017000 09:01 162332712                          /usr/local/MATLAB/MATLAB_Compiler_Runtime/v716/java/jarext/distcomp/jini2/lib/sun-util.jar
9ddf4000-9ddf6000 r--s 00007000 09:01 162332703                          /usr/local/MATLAB/MATLAB_Compiler_Runtime/v716/java/jarext/distcomp/jini2/lib/phoenix-group.jar
9ddf6000-9ddfb000 r--s 00039000 09:01 162332697                          /usr/local/MATLAB/MATLAB_Compiler_Runtime/v716/java/jarext/distcomp/jini2/lib/fiddler.jar
9ddfb000-9de00000 r--s 0003c000 09:01 162332694                          /usr/local/MATLAB/MATLAB_Compiler_Runtime/v716/java/jarext/distcomp/jini2/lib/reggie.jar
9de00000-9defe000 rw-p 9de00000 00:00 0 
9defe000-9df00000 ---p 9defe000 00:00 0 
9df00000-9dff9000 rw-p 9df00000 00:00 0 
9dff9000-9e000000 ---p 9dff9000 00:00 0 
9e000000-9e001000 r--s 00000000 09:01 158565277                          /tmp/.mcrCache7.16/libdic0/toolbox/distcomp/bin/util/parallel_invoker.jar
9e001000-9e003000 r--s 0000a000 09:01 160989946                          /usr/local/MATLAB/MATLAB_Compiler_Runtime/v716/java/jarext/saxon9-sql.jar
9e003000-9e005000 r--s 0001b000 09:01 160989934                          /usr/local/MATLAB/MATLAB_Compiler_Runtime/v716/java/jarext/saxon9-s9api.jar
9e005000-9e006000 r--s 00007000 09:01 160989940                          /usr/local/MATLAB/MATLAB_Compiler_Runtime/v716/java/jarext/saxon9-jdom.jar
9e006000-9e007000 r--s 00007000 09:01 160989942                          /usr/local/MATLAB/MATLAB_Compiler_Runtime/v716/java/jarext/saxon9-dom4j.jar
9e007000-9e009000 r--s 0001a000 09:01 160989932                          /usr/local/MATLAB/MATLAB_Compiler_Runtime/v716/java/jarext/saxon9-dom.jar
9e009000-9e00a000 r--s 00005000 09:01 160989935                          /usr/local/MATLAB/MATLAB_Compiler_Runtime/v716/java/jarext/saxon9-ant.jar
9e00a000-9e060000 r--s 002bf000 09:01 161120533                          /usr/local/MATLAB/MATLAB_Compiler_Runtime/v716/java/jar/toolbox/distcomp.jar
9e060000-9e064000 r--s 00037000 09:01 161054771                          /usr/local/MATLAB/MATLAB_Compiler_Runtime/v716/java/jarext/ice/icessl.jar
9e064000-9e065000 r--s 00000000 09:01 161054767                          /usr/local/MATLAB/MATLAB_Compiler_Runtime/v716/java/jarext/ice/ib6xalan.jar
9e065000-9e068000 r--s 00015000 09:01 161054770                          /usr/local/MATLAB/MATLAB_Compiler_Runtime/v716/java/jarext/ice/ib6util.jar
9e068000-9e06a000 r--s 0000e000 09:01 161054773                          /usr/local/MATLAB/MATLAB_Compiler_Runtime/v716/java/jarext/ice/ib6swing.jar
9e06a000-9e06e000 r--s 00044000 09:01 161054774                          /usr/local/MATLAB/MATLAB_Compiler_Runtime/v716/java/jarext/ice/ib6js.jar
9e06e000-9e06f000 r--s 00000000 09:01 161054768                          /usr/local/MATLAB/MATLAB_Compiler_Runtime/v716/java/jarext/ice/ib6https.jar
9e06f000-9e074000 r--s 0002e000 09:01 162332708                          /usr/local/MATLAB/MATLAB_Compiler_Runtime/v716/java/jarext/distcomp/jini2/lib/browser.jar
9e074000-9e075000 r--s 00000000 09:01 162332702                          /usr/local/MATLAB/MATLAB_Compiler_Runtime/v716/java/jarext/distcomp/jini2/lib/phoenix-init.jar
9e075000-9e077000 r--s 00001000 09:01 162332711                          /usr/local/MATLAB/MATLAB_Compiler_Runtime/v716/java/jarext/distcomp/jini2/lib/group.jar
9e077000-9e079000 r--s 00007000 09:01 162332706                          /usr/local/MATLAB/MATLAB_Compiler_Runtime/v716/java/jarext/distcomp/jini2/lib/mahalo-dl.jar
9e079000-9e07e000 r--s 0003b000 09:01 162332698                          /usr/local/MATLAB/MATLAB_Compiler_Runtime/v716/java/jarext/distcomp/jini2/lib/norm.jar
9e07e000-9e07f000 r--s 00000000 09:01 162332713                          /usr/local/MATLAB/MATLAB_Compiler_Runtime/v716/java/jarext/distcomp/jini2/lib/sdm-dl.jar
9e07f000-9e081000 r--s 0000a000 09:01 162332695                          /usr/local/MATLAB/MATLAB_Compiler_Runtime/v716/java/jarext/distcomp/jini2/lib/norm-dl.jar
9e081000-9e084000 r--s 0000e000 09:01 162332696                          /usr/local/MATLAB/MATLAB_Compiler_Runtime/v716/java/jarext/distcomp/jini2/lib/reggie-dl.jar
9e084000-9e087000 r--s 0000b000 09:01 162332691                          /usr/local/MATLAB/MATLAB_Compiler_Runtime/v716/java/jarext/distcomp/jini2/lib/jini-core.jar
9e087000-9e099000 r--s 000d9000 09:01 162332707                          /usr/local/MATLAB/MATLAB_Compiler_Runtime/v716/java/jarext/distcomp/jini2/lib/jini-ext.jar
9e099000-9e0a9000 r--s 000bb000 09:01 162332693                          /usr/local/MATLAB/MATLAB_Compiler_Runtime/v716/java/jarext/distcomp/jini2/lib/jsk-platform.jar
9e0a9000-9e0ab000 r--s 0000c000 09:01 162332715                          /usr/local/MATLAB/MATLAB_Compiler_Runtime/v716/java/jarext/distcomp/jini2/lib/destroy.jar
9e0ab000-9e0b0000 r--s 00037000 09:01 162332710                          /usr/local/MATLAB/MATLAB_Compiler_Runtime/v716/java/jarext/distcomp/jini2/lib/mahalo.jar
9e0b0000-9e0b2000 r--s 00004000 09:01 162332704                          /usr/local/MATLAB/MATLAB_Compiler_Runtime/v716/java/jarext/distcomp/jini2/lib/phoenix-dl.jar
9e0b2000-9e0b4000 r--s 0000b000 09:01 162332700                          /usr/local/MATLAB/MATLAB_Compiler_Runtime/v716/java/jarext/distcomp/jini2/lib/fiddler-dl.jar
9e0b4000-9e0b6000 r--s 00010000 09:01 160991282                          /usr/local/MATLAB/MATLAB_Compiler_Runtime/v716/java/jarext/search.jar
9e0b6000-9e0c3000 r--s 0007f000 09:01 160991198                          /usr/local/MATLAB/MATLAB_Compiler_Runtime/v716/java/jarext/commons-collections.jar
9e0c3000-9e0c7000 r--s 0001f000 09:01 161054736                          /usr/local/MATLAB/MATLAB_Compiler_Runtime/v716/java/jarext/axis2/XmlSchema.jar
9e0c7000-9e0cf000 r--s 00028000 09:01 161054733                          /usr/local/MATLAB/MATLAB_Compiler_Runtime/v716/java/jarext/axis2/xml-apis.jar
9e0cf000-9e0d5000 r--s 00079000 09:01 161054738                          /usr/local/MATLAB/MATLAB_Compiler_Runtime/v716/java/jarext/axis2/wstx-asl.jar
9e0d5000-9e0da000 r--s 00020000 09:01 161054732                          /usr/local/MATLAB/MATLAB_Compiler_Runtime/v716/java/jarext/axis2/wsdl4j.jar
9e0da000-9e100000 r--s 0011d000 09:01 161054795                          /usr/local/MATLAB/MATLAB_Compiler_Runtime/v716/java/jarext/jxbrowser/mshtml.jar
9e100000-9e200000 rw-p 9e100000 00:00 0 
9e200000-9e201000 r--s 00000000 09:01 162332692                          /usr/local/MATLAB/MATLAB_Compiler_Runtime/v716/java/jarext/distcomp/jini2/lib/browser-dl.jar
9e201000-9e202000 r--s 00000000 09:01 162332714                          /usr/local/MATLAB/MATLAB_Compiler_Runtime/v716/java/jarext/distcomp/jini2/lib/jsk-resources.jar
9e202000-9e204000 r--s 00007000 09:01 161054740                          /usr/local/MATLAB/MATLAB_Compiler_Runtime/v716/java/jarext/axis2/neethi.jar
9e204000-9e20a000 r--s 00059000 09:01 161054730                          /usr/local/MATLAB/MATLAB_Compiler_Runtime/v716/java/jarext/axis2/mail.jar
9e20a000-9e20c000 r--s 00006000 09:01 161054741                          /usr/local/MATLAB/MATLAB_Compiler_Runtime/v716/java/jarext/axis2/geronimo-stax-api.jar
9e20c000-9e212000 r--s 00045000 09:01 161054739                          /usr/local/MATLAB/MATLAB_Compiler_Runtime/v716/java/jarext/axis2/commons-httpclient.jar
9e212000-9e21a000 r--s 00049000 09:01 161054729                          /usr/local/MATLAB/MATLAB_Compiler_Runtime/v716/java/jarext/axis2/backport-util-concurrent.jar
9e21a000-9e22b000 r--s 0012a000 09:01 161054728                          /usr/local/MATLAB/MATLAB_Compiler_Runtime/v716/java/jarext/axis2/axis2-kernel.jar
9e22b000-9e236000 r--s 000b2000 09:01 161054735                          /usr/local/MATLAB/MATLAB_Compiler_Runtime/v716/java/jarext/axis2/axis2-adb.jar
9e236000-9e239000 r--s 0001c000 09:01 161054737                          /usr/local/MATLAB/MATLAB_Compiler_Runtime/v716/java/jarext/axis2/axiom-impl.jar
9e239000-9e23e000 r--s 0002c000 09:01 161054731                          /usr/local/MATLAB/MATLAB_Compiler_Runtime/v716/java/jarext/axis2/axiom-api.jar
9e23e000-9e240000 r--s 0000e000 09:01 161054734                          /usr/local/MATLAB/MATLAB_Compiler_Runtime/v716/java/jarext/axis2/activation.jar
9e240000-9e242000 r--s 0001a000 09:01 160991214                          /usr/local/MATLAB/MATLAB_Compiler_Runtime/v716/java/jarext/jgoodies-forms.jar
9e242000-9e243000 r--s 008e4000 09:01 161054809                          /usr/local/MATLAB/MATLAB_Compiler_Runtime/v716/java/jarext/jxbrowser/xulrunner-windows.jar
9e243000-9e244000 r--s 0127d000 09:01 161054797                          /usr/local/MATLAB/MATLAB_Compiler_Runtime/v716/java/jarext/jxbrowser/xulrunner-mac.jar
9e244000-9e245000 r--s 00a24000 09:01 161054805                          /usr/local/MATLAB/MATLAB_Compiler_Runtime/v716/java/jarext/jxbrowser/xulrunner-linux64.jar
9e245000-9e246000 r--s 00881000 09:01 161054798                          /usr/local/MATLAB/MATLAB_Compiler_Runtime/v716/java/jarext/jxbrowser/xulrunner-linux.jar
9e246000-9e253000 r--s 00099000 09:01 161054793                          /usr/local/MATLAB/MATLAB_Compiler_Runtime/v716/java/jarext/jxbrowser/winpack.jar
9e253000-9e259000 r--s 0004d000 09:01 161054801                          /usr/local/MATLAB/MATLAB_Compiler_Runtime/v716/java/jarext/jxbrowser/tuxpack.jar
9e259000-9e25a000 r--s 00003000 09:01 161054802                          /usr/local/MATLAB/MATLAB_Compiler_Runtime/v716/java/jarext/jxbrowser/slf4j-log4j12.jar
9e25a000-9e27b000 r--s 000b2000 09:01 161054807                          /usr/local/MATLAB/MATLAB_Compiler_Runtime/v716/java/jarext/jxbrowser/MozillaInterfaces.jar
9e27b000-9e27c000 r--s 00005000 09:01 161054808                          /usr/local/MATLAB/MATLAB_Compiler_Runtime/v716/java/jarext/jxbrowser/MozillaGlue.jar
9e27c000-9e287000 r--s 00090000 09:01 161054799                          /usr/local/MATLAB/MATLAB_Compiler_Runtime/v716/java/jarext/jxbrowser/jxbrowser.jar
9e287000-9e292000 r--s 0004b000 09:01 161054796                          /usr/local/MATLAB/MATLAB_Compiler_Runtime/v716/java/jarext/jxbrowser/engine-webkit.jar
9e292000-9e2b6000 r--s 00145000 09:01 161054803                          /usr/local/MATLAB/MATLAB_Compiler_Runtime/v716/java/jarext/jxbrowser/engine-ie.jar
9e2b6000-9e2bf000 r--s 00045000 09:01 161054804                          /usr/local/MATLAB/MATLAB_Compiler_Runtime/v716/java/jarext/jxbrowser/engine-gecko.jar
9e2bf000-9e2c0000 r--s 00002000 09:01 160991212                          /usr/local/MATLAB/MATLAB_Compiler_Runtime/v716/java/jarext/annotations.jar
9e2c0000-9e2c7000 r--s 0002f000 09:01 161022762                          /usr/local/MATLAB/MATLAB_Compiler_Runtime/v716/java/jar/instutil.jar
9e2c7000-9e2cb000 r--s 0001f000 09:01 161022763                          /usr/local/MATLAB/MATLAB_Compiler_Runtime/v716/java/jar/instwiz.jar
9e2cb000-9e2ce000 r--s 00023000 09:01 160991257                          /usr/local/MATLAB/MATLAB_Compiler_Runtime/v716/java/jarext/freehep-xml.jar
9e2ce000-9e2d3000 r--s 00026000 09:01 160991204                          /usr/local/MATLAB/MATLAB_Compiler_Runtime/v716/java/jarext/commons-math.jar
9e2d3000-9e2d4000 r--s 00004000 09:01 161054784                          /usr/local/MATLAB/MATLAB_Compiler_Runtime/v716/java/jarext/win64/gluegen-rt.jar
9e2d4000-9e2d5000 r--s 00004000 09:01 161054791                          /usr/local/MATLAB/MATLAB_Compiler_Runtime/v716/java/jarext/win32/gluegen-rt.jar
9e2d5000-9e2d6000 r--s 00004000 09:01 161054780                          /usr/local/MATLAB/MATLAB_Compiler_Runtime/v716/java/jarext/maci64/gluegen-rt.jar
9e2d6000-9e2d7000 r--s 00004000 09:01 161054778                          /usr/local/MATLAB/MATLAB_Compiler_Runtime/v716/java/jarext/glnxa64/gluegen-rt.jar
9e2d7000-9e2d8000 r--s 00004000 09:01 161054782                          /usr/local/MATLAB/MATLAB_Compiler_Runtime/v716/java/jarext/glnx86/gluegen-rt.jar
9e2d8000-9e2e2000 r--s 000ea000 09:01 161054787                          /usr/local/MATLAB/MATLAB_Compiler_Runtime/v716/java/jarext/win64/jogl.jar
9e2e2000-9e2ec000 r--s 000ea000 09:01 161054789                          /usr/local/MATLAB/MATLAB_Compiler_Runtime/v716/java/jarext/win32/jogl.jar
9e2ec000-9e2f6000 r--s 000e3000 09:01 161054785                          /usr/local/MATLAB/MATLAB_Compiler_Runtime/v716/java/jarext/maci64/jogl.jar
9e2f6000-9e300000 r--s 000ec000 09:01 161054790                          /usr/local/MATLAB/MATLAB_Compiler_Runtime/v716/java/jarext/glnxa64/jogl.jar
9e300000-9e30a000 r--s 000ec000 09:01 161054786                          /usr/local/MATLAB/MATLAB_Compiler_Runtime/v716/java/jarext/glnx86/jogl.jar
9e30a000-9e30d000 r--s 00011000 09:01 161120397                          /usr/local/MATLAB/MATLAB_Compiler_Runtime/v716/java/jar/help/helpui.jar
9e30d000-9e30f000 r--s 00003000 09:01 161054765                          /usr/local/MATLAB/MATLAB_Compiler_Runtime/v716/java/jarext/webservices/epws/epws_client.jar
9e30f000-9e317000 r--s 00053000 09:01 160991216                          /usr/local/MATLAB/MATLAB_Compiler_Runtime/v716/java/jarext/jgoodies-looks.jar
9e317000-9e31c000 r--s 00026000 09:01 161054811                          /usr/local/MATLAB/MATLAB_Compiler_Runtime/v716/java/jar/test/tools/autopilot.jar
9e31c000-9e332000 r--s 000ca000 09:01 161022784                          /usr/local/MATLAB/MATLAB_Compiler_Runtime/v716/java/jar/page.jar
9e332000-9e33d000 r--s 0006c000 09:01 161120268                          /usr/local/MATLAB/MATLAB_Compiler_Runtime/v716/java/jar/toolbox/matlab/guide.jar
9e33d000-9e33f000 r--s 00011000 09:01 161022785                          /usr/local/MATLAB/MATLAB_Compiler_Runtime/v716/java/jar/ide.jar
9e33f000-9e35a000 r--s 0010c000 09:01 161022786                          /usr/local/MATLAB/MATLAB_Compiler_Runtime/v716/java/jar/hg.jar
9e35a000-9e3af000 r--s 00353000 09:01 161022787                          /usr/local/MATLAB/MATLAB_Compiler_Runtime/v716/java/jar/mlwidgets.jar
9e3af000-9e3b2000 r--s 00023000 09:01 160991238                          /usr/local/MATLAB/MATLAB_Compiler_Runtime/v716/java/jarext/jdom.jar
9e3b2000-9e3b7000 r--s 0002c000 09:01 160991181                          /usr/local/MATLAB/MATLAB_Compiler_Runtime/v716/java/jarext/commons-net.jar
9e3b7000-9e3cb000 r--s 0014e000 09:01 161120535                          /usr/local/MATLAB/MATLAB_Compiler_Runtime/v716/java/jar/toolbox/instrument.jar
9e3cb000-9e3cc000 r--s 0000b000 09:01 160991222                          /usr/local/MATLAB/MATLAB_Compiler_Runtime/v716/java/jarext/jxlayer.jar
9e3cc000-9e3ce000 r--s 0000f000 09:01 161022779                          /usr/local/MATLAB/MATLAB_Compiler_Runtime/v716/java/jar/mcrinstaller.jar
9e3ce000-9e3cf000 r--s 00010000 09:01 161022775                          /usr/local/MATLAB/MATLAB_Compiler_Runtime/v716/java/jar/studentinstaller.jar
9e3cf000-9e3d9000 r--s 00056000 09:01 161022778                          /usr/local/MATLAB/MATLAB_Compiler_Runtime/v716/java/jar/wizard.jar
9e3d9000-9e3dd000 r--s 0002e000 09:01 161022780                          /usr/local/MATLAB/MATLAB_Compiler_Runtime/v716/java/jar/vrd.jar
9e3dd000-9e3df000 r--s 00006000 09:01 161022774                          /usr/local/MATLAB/MATLAB_Compiler_Runtime/v716/java/jar/product.jar
9e3df000-9e3e6000 r--s 0003f000 09:01 161022776                          /usr/local/MATLAB/MATLAB_Compiler_Runtime/v716/java/jar/installwizard.jar
9e3e6000-9e3ed000 r--s 00031000 09:01 161022777                          /usr/local/MATLAB/MATLAB_Compiler_Runtime/v716/java/jar/install.jar
9e3ed000-9e3f0000 r--s 00023000 09:01 161054763                          /usr/local/MATLAB/MATLAB_Compiler_Runtime/v716/java/jarext/webservices/service_request_client.jar
9e3f0000-9e3f2000 r--s 0000c000 09:01 161054762                          /usr/local/MATLAB/MATLAB_Compiler_Runtime/v716/java/jarext/webservices/loginws_client.jar
9e3f2000-9e3f7000 r--s 00041000 09:01 160991229                          /usr/local/MATLAB/MATLAB_Compiler_Runtime/v716/java/jarext/dws_client.jar
9e3f7000-9e3fe000 r--s 0006c000 09:01 160991228                          /usr/local/MATLAB/MATLAB_Compiler_Runtime/v716/java/jarext/mwaws_client.jar
9e3fe000-9e400000 r--s 0000a000 09:01 160991253                          /usr/local/MATLAB/MATLAB_Compiler_Runtime/v716/java/jarext/freehep-util.jar
9e400000-9e401000 r--s 00000000 09:01 162759183                          /usr/local/MATLAB/MATLAB_Compiler_Runtime/v716/java/jar/test/toolbox/testmeas.jar
9e401000-9e409000 r--s 00041000 09:01 161120534                          /usr/local/MATLAB/MATLAB_Compiler_Runtime/v716/java/jar/toolbox/testmeas.jar
9e409000-9e40d000 r--s 00033000 09:01 160991290                          /usr/local/MATLAB/MATLAB_Compiler_Runtime/v716/java/jarext/jsch.jar
9e40d000-9e40e000 r--s 00001000 09:01 162759583                          /usr/local/MATLAB/MATLAB_Compiler_Runtime/v716/java/jar/toolbox/shared/scomp.jar
9e40e000-9e41a000 r--s 00081000 09:01 160991209                          /usr/local/MATLAB/MATLAB_Compiler_Runtime/v716/java/jarext/google-collect.jar
9e41a000-9e421000 r--s 00059000 09:01 160991244                          /usr/local/MATLAB/MATLAB_Compiler_Runtime/v716/java/jarext/log4j.jar
9e421000-9e423000 r--s 0000e000 09:01 160991263                          /usr/local/MATLAB/MATLAB_Compiler_Runtime/v716/java/jarext/freehep-graphics-base.jar
9e423000-9e424000 r--s 00005000 09:01 160991259                          /usr/local/MATLAB/MATLAB_Compiler_Runtime/v716/java/jarext/freehep-graphicsio-svg.jar
9e424000-9e429000 r--s 00028000 09:01 160991262                          /usr/local/MATLAB/MATLAB_Compiler_Runtime/v716/java/jarext/freehep-graphicsio-swf.jar
9e429000-9e42b000 r--s 0000b000 09:01 160991264                          /usr/local/MATLAB/MATLAB_Compiler_Runtime/v716/java/jarext/freehep-graphicsio-ps.jar
9e42b000-9e42f000 r--s 00026000 09:01 160991260                          /usr/local/MATLAB/MATLAB_Compiler_Runtime/v716/java/jarext/freehep-graphicsio-emf.jar
9e42f000-9e432000 r--s 00010000 09:01 160991266                          /usr/local/MATLAB/MATLAB_Compiler_Runtime/v716/java/jarext/freehep-graphicsio-pdf.jar
9e432000-9e437000 r--s 00029000 09:01 160991267                          /usr/local/MATLAB/MATLAB_Compiler_Runtime/v716/java/jarext/freehep-graphicsio.jar
9e437000-9e439000 r--s 0001d000 09:01 160991265                          /usr/local/MATLAB/MATLAB_Compiler_Runtime/v716/java/jarext/freehep-graphics2d.jar
9e439000-9e43b000 r--s 0000f000 09:01 160991250                          /usr/local/MATLAB/MATLAB_Compiler_Runtime/v716/java/jarext/freehep-io.jar
9e43b000-9e43c000 r--s 00003000 09:01 161022760                          /usr/local/MATLAB/MATLAB_Compiler_Runtime/v716/java/jar/webproxy.jar
9e43c000-9e43e000 r--s 00002000 09:01 161022759                          /usr/local/MATLAB/MATLAB_Compiler_Runtime/v716/java/jar/net.jar
9e43e000-9e445000 r--s 00068000 09:01 161022761                          /usr/local/MATLAB/MATLAB_Compiler_Runtime/v716/java/jar/mlwebservices.jar
9e445000-9e45c000 r--s 00114000 09:01 160991218                          /usr/local/MATLAB/MATLAB_Compiler_Runtime/v716/java/jarext/xercesImpl.jar
9e45c000-9e46a000 r--s 00095000 09:01 161054745                          /usr/local/MATLAB/MATLAB_Compiler_Runtime/v716/java/jarext/guice/guice.jar
9e46a000-9e46b000 ---p 9e46a000 00:00 0 
9e46b000-9e4ea000 rwxp 9e46b000 00:00 0 
9e4ea000-9e4ed000 ---p 9e4ea000 00:00 0 
9e4ed000-9e53a000 rwxp 9e4ed000 00:00 0 
9e53a000-9e53d000 ---p 9e53a000 00:00 0 
9e53d000-9e5ba000 rwxp 9e53d000 00:00 0 
9e5ba000-9e5bd000 ---p 9e5ba000 00:00 0 
9e5bd000-9e63a000 rwxp 9e5bd000 00:00 0 
9e63a000-9e63d000 ---p 9e63a000 00:00 0 
9e63d000-9e68a000 rwxp 9e63d000 00:00 0 
9e68a000-9e68d000 ---p 9e68a000 00:00 0 
9e68d000-9e6da000 rwxp 9e68d000 00:00 0 
9e6da000-9e6dd000 ---p 9e6da000 00:00 0 
9e6dd000-9e72a000 rwxp 9e6dd000 00:00 0 
9e72a000-9e72b000 ---p 9e72a000 00:00 0 
9e72b000-9e7aa000 rwxp 9e72b000 00:00 0 
9e7aa000-9e940000 r--s 02aa8000 09:01 162796666                          /usr/local/MATLAB/MATLAB_Compiler_Runtime/v716/sys/java/jre/glnx86/jre/lib/rt.jar
9e940000-9f940000 rwxp 9e940000 00:00 0 
9f940000-a0940000 rwxp 9f940000 00:00 0 
a0940000-a3940000 rwxp a0940000 00:00 0 
a3940000-a6940000 rwxp a3940000 00:00 0 
a6940000-a7940000 rwxp a6940000 00:00 0 
a7940000-aa940000 rwxp a7940000 00:00 0 
aa940000-aa949000 rwxp aa940000 00:00 0 
aa949000-aaa00000 rwxp aa949000 00:00 0 
aaa00000-aac40000 rwxp aaa00000 00:00 0 
aac40000-ada00000 rwxp aac40000 00:00 0 
ada00000-adb00000 rw-p ada00000 00:00 0 
adb00000-adb01000 r--s 00006000 09:01 161054810                          /usr/local/MATLAB/MATLAB_Compiler_Runtime/v716/java/jarext/jxbrowser/slf4j-api.jar
adb01000-adb0a000 r--s 000fc000 09:01 162332687                          /usr/local/MATLAB/MATLAB_Compiler_Runtime/v716/java/jarext/distcomp/h2.jar
adb0a000-adb13000 rwxp adb0a000 00:00 0 
adb13000-adb2b000 rwxp adb13000 00:00 0 
adb2b000-adb44000 rwxp adb2b000 00:00 0 
adb44000-adb5c000 rwxp adb44000 00:00 0 
adb5c000-adb64000 rwxp adb5c000 00:00 0 
adb64000-adb6c000 rwxp adb64000 00:00 0 
adb6c000-adb84000 rwxp adb6c000 00:00 0 
adb84000-adb9c000 rwxp adb84000 00:00 0 
adb9c000-adba4000 rwxp adb9c000 00:00 0 
adba4000-adbbc000 rwxp adba4000 00:00 0 
adbbc000-adbbd000 rwxp adbbc000 00:00 0 
adbbd000-adbcc000 r-xp 00000000 09:01 162796874                          /usr/local/MATLAB/MATLAB_Compiler_Runtime/v716/sys/java/jre/glnx86/jre/lib/i386/libzip.so
adbcc000-adbce000 rw-p 0000e000 09:01 162796874                          /usr/local/MATLAB/MATLAB_Compiler_Runtime/v716/sys/java/jre/glnx86/jre/lib/i386/libzip.so
adbce000-adbd8000 r-xp 00000000 09:01 173542022                          /lib/libnss_files-2.11.1.so
adbd8000-adbd9000 r--p 00009000 09:01 173542022                          /lib/libnss_files-2.11.1.so
adbd9000-adbda000 rw-p 0000a000 09:01 173542022                          /lib/libnss_files-2.11.1.so
adbda000-adbe2000 r-xp 00000000 09:01 173542094                          /lib/libnss_nis-2.11.1.so
adbe2000-adbe3000 r--p 00007000 09:01 173542094                          /lib/libnss_nis-2.11.1.so
adbe3000-adbe4000 rw-p 00008000 09:01 173542094                          /lib/libnss_nis-2.11.1.so
adbe4000-adbea000 r-xp 00000000 09:01 173542020                          /lib/libnss_compat-2.11.1.so
adbea000-adbeb000 r--p 00006000 09:01 173542020                          /lib/libnss_compat-2.11.1.so
adbeb000-adbec000 rw-p 00007000 09:01 173542020                          /lib/libnss_compat-2.11.1.so
adbec000-adbed000 r--s 00000000 09:01 161054794                          /usr/local/MATLAB/MATLAB_Compiler_Runtime/v716/java/jarext/jxbrowser/runtime.jar
adbed000-adbf5000 rw-s 00000000 09:01 158565827                          /tmp/hsperfdata_www-data/16347
adbf5000-adc08000 r-xp 00000000 09:01 173542019                          /lib/libnsl-2.11.1.so
adc08000-adc09000 r--p 00012000 09:01 173542019                          /lib/libnsl-2.11.1.so
adc09000-adc0a000 rw-p 00013000 09:01 173542019                          /lib/libnsl-2.11.1.so
adc0a000-adc0c000 rw-p adc0a000 00:00 0 
adc0c000-adc0e000 r--s 00000000 09:01 161054743                          /usr/local/MATLAB/MATLAB_Compiler_Runtime/v716/java/jarext/guice/aopalliance.jar
adc0e000-adc14000 r-xp 00000000 09:01 162797222                          /usr/local/MATLAB/MATLAB_Compiler_Runtime/v716/sys/java/jre/glnx86/jre/lib/i386/native_threads/libhpi.so
adc14000-adc15000 rw-p 00006000 09:01 162797222                          /usr/local/MATLAB/MATLAB_Compiler_Runtime/v716/sys/java/jre/glnx86/jre/lib/i386/native_threads/libhpi.so
adc15000-adc20000 r-xp 00000000 09:01 162796970                          /usr/local/MATLAB/MATLAB_Compiler_Runtime/v716/sys/java/jre/glnx86/jre/lib/i386/libverify.so
adc20000-adc21000 rw-p 0000b000 09:01 162796970                          /usr/local/MATLAB/MATLAB_Compiler_Runtime/v716/sys/java/jre/glnx86/jre/lib/i386/libverify.so
adc21000-ae2ee000 r-xp 00000000 09:01 162796979                          /usr/local/MATLAB/MATLAB_Compiler_Runtime/v716/sys/java/jre/glnx86/jre/lib/i386/server/libjvm.so
ae2ee000-ae33c000 rw-p 006cc000 09:01 162796979                          /usr/local/MATLAB/MATLAB_Compiler_Runtime/v716/sys/java/jre/glnx86/jre/lib/i386/server/libjvm.so
ae33c000-ae75e000 rw-p ae33c000 00:00 0 
ae75e000-ae781000 r-xp 00000000 09:01 162796935                          /usr/local/MATLAB/MATLAB_Compiler_Runtime/v716/sys/java/jre/glnx86/jre/lib/i386/libjava.so
ae781000-ae783000 rw-p 00023000 09:01 162796935                          /usr/local/MATLAB/MATLAB_Compiler_Runtime/v716/sys/java/jre/glnx86/jre/lib/i386/libjava.so
ae783000-ae914000 rw-p ae783000 00:00 0 
ae914000-ae915000 ---p ae914000 00:00 0 
ae915000-af314000 rwxp ae915000 00:00 0 
af314000-af317000 ---p af314000 00:00 0 
af317000-afd14000 rwxp af317000 00:00 0 
afd14000-afd15000 ---p afd14000 00:00 0 
afd15000-b0714000 rwxp afd15000 00:00 0 
b0714000-b0717000 ---p b0714000 00:00 0 
b0717000-b1114000 rwxp b0717000 00:00 0 
b1114000-b11a3000 r-xp 00000000 09:01 162796466                          /usr/local/MATLAB/MATLAB_Compiler_Runtime/v716/sys/os/glnx86/libiomp5.so
b11a3000-b11a9000 rw-p 0008f000 09:01 162796466                          /usr/local/MATLAB/MATLAB_Compiler_Runtime/v716/sys/os/glnx86/libiomp5.so
b11a9000-b11b0000 rw-p b11a9000 00:00 0 
b11b0000-b264b000 r-xp 00000000 09:01 162797312                          /usr/local/MATLAB/MATLAB_Compiler_Runtime/v716/bin/glnx86/mkl.so
b264b000-b2683000 rw-p 0149a000 09:01 162797312                          /usr/local/MATLAB/MATLAB_Compiler_Runtime/v716/bin/glnx86/mkl.so
b2683000-b2687000 rw-p b2683000 00:00 0 
b2687000-b268d000 r-xp 00000000 09:01 162796445                          /usr/local/MATLAB/MATLAB_Compiler_Runtime/v716/bin/glnx86/libmwcolamd.so
b268d000-b268e000 rw-p 00005000 09:01 162796445                          /usr/local/MATLAB/MATLAB_Compiler_Runtime/v716/bin/glnx86/libmwcolamd.so
b268e000-b2695000 r-xp 00000000 09:01 162796441                          /usr/local/MATLAB/MATLAB_Compiler_Runtime/v716/bin/glnx86/libmwamd.so
b2695000-b2696000 rw-p 00006000 09:01 162796441                          /usr/local/MATLAB/MATLAB_Compiler_Runtime/v716/bin/glnx86/libmwamd.so
b2696000-b269a000 r-xp 00000000 09:01 155913460                          /usr/lib/libXdmcp.so.6.0.0
b269a000-b269b000 r--p 00003000 09:01 155913460                          /usr/lib/libXdmcp.so.6.0.0
b269b000-b269c000 rw-p 00004000 09:01 155913460                          /usr/lib/libXdmcp.so.6.0.0
b269c000-b269e000 r-xp 00000000 09:01 155913450                          /usr/lib/libXau.so.6.0.0
b269e000-b269f000 r--p 00001000 09:01 155913450                          /usr/lib/libXau.so.6.0.0
b269f000-b26a0000 rw-p 00002000 09:01 155913450                          /usr/lib/libXau.so.6.0.0
b26a0000-b26a3000 r-xp 00000000 09:01 155910200                          /lib/libuuid.so.1.3.0
b26a3000-b26a4000 r--p 00002000 09:01 155910200                          /lib/libuuid.so.1.3.0
b26a4000-b26a5000 rw-p 00003000 09:01 155910200                          /lib/libuuid.so.1.3.0
b26a5000-b26e9000 r-xp 00000000 09:01 162796446                          /usr/local/MATLAB/MATLAB_Compiler_Runtime/v716/bin/glnx86/libmwcholmod.so
b26e9000-b26ea000 rw-p 00043000 09:01 162796446                          /usr/local/MATLAB/MATLAB_Compiler_Runtime/v716/bin/glnx86/libmwcholmod.so
b26ea000-b26f8000 r-xp 00000000 09:01 162797395                          /usr/local/MATLAB/MATLAB_Compiler_Runtime/v716/bin/glnx86/libmwblas.so
b26f8000-b26f9000 rw-p 0000e000 09:01 162797395                          /usr/local/MATLAB/MATLAB_Compiler_Runtime/v716/bin/glnx86/libmwblas.so
b26f9000-b26fd000 r-xp 00000000 09:01 162797358                          /usr/local/MATLAB/MATLAB_Compiler_Runtime/v716/bin/glnx86/libmwompwrapper.so
b26fd000-b26fe000 rw-p 00003000 09:01 162797358                          /usr/local/MATLAB/MATLAB_Compiler_Runtime/v716/bin/glnx86/libmwompwrapper.so
b26fe000-b2706000 r-xp 00000000 09:01 162797394                          /usr/local/MATLAB/MATLAB_Compiler_Runtime/v716/bin/glnx86/libmwbinder.so
b2706000-b2707000 rw-p 00007000 09:01 162797394                          /usr/local/MATLAB/MATLAB_Compiler_Runtime/v716/bin/glnx86/libmwbinder.so
b2707000-b271f000 r-xp 00000000 09:01 155913467                          /usr/lib/libxcb.so.1.1.0
b271f000-b2720000 r--p 00017000 09:01 155913467                          /usr/lib/libxcb.so.1.1.0
b2720000-b2721000 rw-p 00018000 09:01 155913467                          /usr/lib/libxcb.so.1.1.0
b2721000-b2736000 r-xp 00000000 09:01 155913786                          /usr/lib/libICE.so.6.3.0
b2736000-b2737000 r--p 00014000 09:01 155913786                          /usr/lib/libICE.so.6.3.0
b2737000-b2738000 rw-p 00015000 09:01 155913786                          /usr/lib/libICE.so.6.3.0
b2738000-b273a000 rw-p b2738000 00:00 0 
b273a000-b2741000 r-xp 00000000 09:01 155913798                          /usr/lib/libSM.so.6.0.1
b2741000-b2742000 r--p 00006000 09:01 155913798                          /usr/lib/libSM.so.6.0.1
b2742000-b2743000 rw-p 00007000 09:01 155913798                          /usr/lib/libSM.so.6.0.1
b2743000-b2758000 r-xp 00000000 09:01 155910209                          /usr/lib/libXmu.so.6.2.0
b2758000-b2759000 r--p 00014000 09:01 155910209                          /usr/lib/libXmu.so.6.2.0
b2759000-b275a000 rw-p 00015000 09:01 155910209                          /usr/lib/libXmu.so.6.2.0
b275a000-b282d000 r-xp 00000000 09:01 162797335                          /usr/local/MATLAB/MATLAB_Compiler_Runtime/v716/bin/glnx86/libmwmathcore.so
b282d000-b282f000 rw-p 000d2000 09:01 162797335                          /usr/local/MATLAB/MATLAB_Compiler_Runtime/v716/bin/glnx86/libmwmathcore.so
b282f000-b2830000 rw-p b282f000 00:00 0 
b2830000-b28b0000 r-xp 00000000 09:01 162797421                          /usr/local/MATLAB/MATLAB_Compiler_Runtime/v716/bin/glnx86/libmwlapack.so
b28b0000-b28b5000 rw-p 0007f000 09:01 162797421                          /usr/local/MATLAB/MATLAB_Compiler_Runtime/v716/bin/glnx86/libmwlapack.so
b28b5000-b2acd000 r-xp 00000000 09:01 162797473                          /usr/local/MATLAB/MATLAB_Compiler_Runtime/v716/bin/glnx86/libmwhgdatatypes.so
b2acd000-b2adb000 rw-p 00218000 09:01 162797473                          /usr/local/MATLAB/MATLAB_Compiler_Runtime/v716/bin/glnx86/libmwhgdatatypes.so
b2adb000-b2adc000 rw-p b2adb000 00:00 0 
b2adc000-b2aec000 r-xp 00000000 09:01 162797382                          /usr/local/MATLAB/MATLAB_Compiler_Runtime/v716/bin/glnx86/libmwgraphics_util.so
b2aec000-b2aed000 rw-p 00010000 09:01 162797382                          /usr/local/MATLAB/MATLAB_Compiler_Runtime/v716/bin/glnx86/libmwgraphics_util.so
b2aed000-b2afe000 r-xp 00000000 09:01 162797403                          /usr/local/MATLAB/MATLAB_Compiler_Runtime/v716/bin/glnx86/libmwir_xfmr.so
b2afe000-b2aff000 rw-p 00010000 09:01 162797403                          /usr/local/MATLAB/MATLAB_Compiler_Runtime/v716/bin/glnx86/libmwir_xfmr.so
b2aff000-b2c18000 r-xp 00000000 09:01 155913426                          /usr/lib/libX11.so.6.3.0
b2c18000-b2c19000 r--p 00118000 09:01 155913426                          /usr/lib/libX11.so.6.3.0
b2c19000-b2c1b000 rw-p 00119000 09:01 155913426                          /usr/lib/libX11.so.6.3.0
b2c1b000-b2c1c000 rw-p b2c1b000 00:00 0 
b2c1c000-b2c6b000 r-xp 00000000 09:01 155913800                          /usr/lib/libXt.so.6.0.0
b2c6b000-b2c6c000 r--p 0004e000 09:01 155913800                          /usr/lib/libXt.so.6.0.0
b2c6c000-b2c6f000 rw-p 0004f000 09:01 155913800                          /usr/lib/libXt.so.6.0.0
b2c6f000-b2c7d000 r-xp 00000000 09:01 155913701                          /usr/lib/libXext.so.6.4.0
b2c7d000-b2c7e000 r--p 0000d000 09:01 155913701                          /usr/lib/libXext.so.6.4.0
b2c7e000-b2c7f000 rw-p 0000e000 09:01 155913701                          /usr/lib/libXext.so.6.4.0
b2c7f000-b2ece000 r-xp 00000000 09:01 162797313                          /usr/local/MATLAB/MATLAB_Compiler_Runtime/v716/sys/os/glnx86/libXm.so.3.0.2
b2ece000-b2ee6000 rw-p 0024e000 09:01 162797313                          /usr/local/MATLAB/MATLAB_Compiler_Runtime/v716/sys/os/glnx86/libXm.so.3.0.2
b2ee6000-b2ee8000 rw-p b2ee6000 00:00 0 
b2ee8000-b2f1c000 r-xp 00000000 09:01 162797441                          /usr/local/MATLAB/MATLAB_Compiler_Runtime/v716/bin/glnx86/libmwhardcopy.so
b2f1c000-b2f1e000 rw-p 00033000 09:01 162797441                          /usr/local/MATLAB/MATLAB_Compiler_Runtime/v716/bin/glnx86/libmwhardcopy.so
b2f1e000-b2f1f000 r-xp 00000000 09:01 162796440                          /usr/local/MATLAB/MATLAB_Compiler_Runtime/v716/bin/glnx86/libmwnativejava_services.so
b2f1f000-b2f20000 rw-p 00000000 09:01 162796440                          /usr/local/MATLAB/MATLAB_Compiler_Runtime/v716/bin/glnx86/libmwnativejava_services.so
b2f20000-b2f89000 r-xp 00000000 09:01 162797412                          /usr/local/MATLAB/MATLAB_Compiler_Runtime/v716/bin/glnx86/libmwspmatrix.so
b2f89000-b2f8a000 rw-p 00069000 09:01 162797412                          /usr/local/MATLAB/MATLAB_Compiler_Runtime/v716/bin/glnx86/libmwspmatrix.so
b2f8a000-b2fa7000 r-xp 00000000 09:01 162797337                          /usr/local/MATLAB/MATLAB_Compiler_Runtime/v716/bin/glnx86/libmwm_pcodegen.so
b2fa7000-b2fa8000 rw-p 0001d000 09:01 162797337                          /usr/local/MATLAB/MATLAB_Compiler_Runtime/v716/bin/glnx86/libmwm_pcodegen.so
b2fa8000-b2fbe000 r-xp 00000000 09:01 162797455                          /usr/local/MATLAB/MATLAB_Compiler_Runtime/v716/bin/glnx86/libmwm_pcodeio.so
b2fbe000-b2fbf000 rw-p 00016000 09:01 162797455                          /usr/local/MATLAB/MATLAB_Compiler_Runtime/v716/bin/glnx86/libmwm_pcodeio.so
b2fbf000-b2fcb000 r-xp 00000000 09:01 162797471                          /usr/local/MATLAB/MATLAB_Compiler_Runtime/v716/bin/glnx86/libmwmlib.so
b2fcb000-b2fcc000 rw-p 0000c000 09:01 162797471                          /usr/local/MATLAB/MATLAB_Compiler_Runtime/v716/bin/glnx86/libmwmlib.so
b2fcc000-b3032000 r-xp 00000000 09:01 162797367                          /usr/local/MATLAB/MATLAB_Compiler_Runtime/v716/bin/glnx86/libmwxmlcore.so
b3032000-b3036000 rw-p 00065000 09:01 162797367                          /usr/local/MATLAB/MATLAB_Compiler_Runtime/v716/bin/glnx86/libmwxmlcore.so
b3036000-b3037000 rw-p b3036000 00:00 0 
b3037000-b3064000 r-xp 00000000 09:01 162797353                          /usr/local/MATLAB/MATLAB_Compiler_Runtime/v716/bin/glnx86/libmwmathrng.so
b3064000-b3066000 rw-p 0002c000 09:01 162797353                          /usr/local/MATLAB/MATLAB_Compiler_Runtime/v716/bin/glnx86/libmwmathrng.so
b3066000-b309b000 r-xp 00000000 09:01 162797416                          /usr/local/MATLAB/MATLAB_Compiler_Runtime/v716/bin/glnx86/libmwprofiler.so
b309b000-b309d000 rw-p 00035000 09:01 162797416                          /usr/local/MATLAB/MATLAB_Compiler_Runtime/v716/bin/glnx86/libmwprofiler.so
b309d000-b30d1000 r-xp 00000000 09:01 155913203                          /lib/libncurses.so.5.7
b30d1000-b30d2000 ---p 00034000 09:01 155913203                          /lib/libncurses.so.5.7
b30d2000-b30d4000 r--p 00034000 09:01 155913203                          /lib/libncurses.so.5.7
b30d4000-b30d5000 rw-p 00036000 09:01 155913203                          /lib/libncurses.so.5.7
b30d5000-b30d6000 r--s 00005000 09:01 161054744                          /usr/local/MATLAB/MATLAB_Compiler_Runtime/v716/java/jarext/guice/guice-assistedinject.jar
b30d6000-b30d9000 r--s 00012000 09:01 160991200                          /usr/local/MATLAB/MATLAB_Compiler_Runtime/v716/java/jarext/commons-io.jar
b30d9000-b30da000 rw-p b30d9000 00:00 0 
b30da000-b30db000 r--p b30da000 00:00 0 
b30db000-b30dd000 r-xp 00000000 09:01 162797378                          /usr/local/MATLAB/MATLAB_Compiler_Runtime/v716/bin/glnx86/mklcompat.so
b30dd000-b30de000 rw-p 00001000 09:01 162797378                          /usr/local/MATLAB/MATLAB_Compiler_Runtime/v716/bin/glnx86/mklcompat.so
b30de000-b30ed000 r-xp 00000000 09:01 162796438                          /usr/local/MATLAB/MATLAB_Compiler_Runtime/v716/bin/glnx86/libmwsettings_res.so
b30ed000-b30ee000 rw-p 0000e000 09:01 162796438                          /usr/local/MATLAB/MATLAB_Compiler_Runtime/v716/bin/glnx86/libmwsettings_res.so
b30ee000-b315b000 r-xp 00000000 09:01 162796407                          /usr/local/MATLAB/MATLAB_Compiler_Runtime/v716/bin/glnx86/libboost_serialization.so.1.44.0
b315b000-b315e000 rw-p 0006c000 09:01 162796407                          /usr/local/MATLAB/MATLAB_Compiler_Runtime/v716/bin/glnx86/libboost_serialization.so.1.44.0
b315e000-b3175000 r-xp 00000000 09:01 162796415                          /usr/local/MATLAB/MATLAB_Compiler_Runtime/v716/bin/glnx86/libboost_iostreams.so.1.44.0
b3175000-b3176000 rw-p 00017000 09:01 162796415                          /usr/local/MATLAB/MATLAB_Compiler_Runtime/v716/bin/glnx86/libboost_iostreams.so.1.44.0
b3176000-b3232000 r-xp 00000000 09:01 162797356                          /usr/local/MATLAB/MATLAB_Compiler_Runtime/v716/bin/glnx86/libmwmathutil.so
b3232000-b3233000 rw-p 000bb000 09:01 162797356                          /usr/local/MATLAB/MATLAB_Compiler_Runtime/v716/bin/glnx86/libmwmathutil.so
b3233000-b3280000 r-xp 00000000 09:01 162797472                          /usr/local/MATLAB/MATLAB_Compiler_Runtime/v716/bin/glnx86/libmwm_ir.so
b3280000-b3285000 rw-p 0004d000 09:01 162797472                          /usr/local/MATLAB/MATLAB_Compiler_Runtime/v716/bin/glnx86/libmwm_ir.so
b3285000-b3289000 r-xp 00000000 09:01 162797336                          /usr/local/MATLAB/MATLAB_Compiler_Runtime/v716/bin/glnx86/libmwuinone.so
b3289000-b328a000 rw-p 00003000 09:01 162797336                          /usr/local/MATLAB/MATLAB_Compiler_Runtime/v716/bin/glnx86/libmwuinone.so
b328a000-b331b000 r-xp 00000000 09:01 162797407                          /usr/local/MATLAB/MATLAB_Compiler_Runtime/v716/bin/glnx86/libmwudd_mi.so
b331b000-b3322000 rw-p 00090000 09:01 162797407                          /usr/local/MATLAB/MATLAB_Compiler_Runtime/v716/bin/glnx86/libmwudd_mi.so
b3322000-b336e000 r-xp 00000000 09:01 162797423                          /usr/local/MATLAB/MATLAB_Compiler_Runtime/v716/bin/glnx86/libuij.so
b336e000-b3370000 rw-p 0004b000 09:01 162797423                          /usr/local/MATLAB/MATLAB_Compiler_Runtime/v716/bin/glnx86/libuij.so
b3370000-b3455000 r-xp 00000000 09:01 162797360                          /usr/local/MATLAB/MATLAB_Compiler_Runtime/v716/bin/glnx86/libmwhgutils.so
b3455000-b3460000 rw-p 000e5000 09:01 162797360                          /usr/local/MATLAB/MATLAB_Compiler_Runtime/v716/bin/glnx86/libmwhgutils.so
b3460000-b3fcb000 r-xp 00000000 09:01 162797401                          /usr/local/MATLAB/MATLAB_Compiler_Runtime/v716/bin/glnx86/libmwhg.so
b3fcb000-b405c000 rw-p 00b6b000 09:01 162797401                          /usr/local/MATLAB/MATLAB_Compiler_Runtime/v716/bin/glnx86/libmwhg.so
b405c000-b4066000 rw-p b405c000 00:00 0 
b4066000-b4161000 r-xp 00000000 09:01 162797393                          /usr/local/MATLAB/MATLAB_Compiler_Runtime/v716/bin/glnx86/libmwgui.so
b4161000-b4199000 rw-p 000fb000 09:01 162797393                          /usr/local/MATLAB/MATLAB_Compiler_Runtime/v716/bin/glnx86/libmwgui.so
b4199000-b419a000 rw-p b4199000 00:00 0 
b419a000-b43b7000 r-xp 00000000 09:01 162797370                          /usr/local/MATLAB/MATLAB_Compiler_Runtime/v716/bin/glnx86/libmwmcos.so
b43b7000-b43cd000 rw-p 0021d000 09:01 162797370                          /usr/local/MATLAB/MATLAB_Compiler_Runtime/v716/bin/glnx86/libmwmcos.so
b43cd000-b443c000 r-xp 00000000 09:01 162797444                          /usr/local/MATLAB/MATLAB_Compiler_Runtime/v716/bin/glnx86/libmwmlint.so
b443c000-b4440000 rw-p 0006f000 09:01 162797444                          /usr/local/MATLAB/MATLAB_Compiler_Runtime/v716/bin/glnx86/libmwmlint.so
b4440000-b45fd000 r-xp 00000000 09:01 162797366                          /usr/local/MATLAB/MATLAB_Compiler_Runtime/v716/bin/glnx86/libmwm_parser.so
b45fd000-b4a18000 rw-p 001bd000 09:01 162797366                          /usr/local/MATLAB/MATLAB_Compiler_Runtime/v716/bin/glnx86/libmwm_parser.so
b4a18000-b4c9a000 r-xp 00000000 09:01 162797351                          /usr/local/MATLAB/MATLAB_Compiler_Runtime/v716/bin/glnx86/libmwmlutil.so
b4c9a000-b4caa000 rw-p 00282000 09:01 162797351                          /usr/local/MATLAB/MATLAB_Compiler_Runtime/v716/bin/glnx86/libmwmlutil.so
b4caa000-b4cb5000 rw-p b4caa000 00:00 0 
b4cb5000-b4cdc000 r-xp 00000000 09:01 162797402                          /usr/local/MATLAB/MATLAB_Compiler_Runtime/v716/bin/glnx86/libmwbridge.so
b4cdc000-b4cde000 rw-p 00027000 09:01 162797402                          /usr/local/MATLAB/MATLAB_Compiler_Runtime/v716/bin/glnx86/libmwbridge.so
b4cde000-b4ce4000 rw-p b4cde000 00:00 0 
b4ce4000-b5077000 r-xp 00000000 09:01 162797333                          /usr/local/MATLAB/MATLAB_Compiler_Runtime/v716/bin/glnx86/libxerces-c.so.27.0
b5077000-b50aa000 rw-p 00393000 09:01 162797333                          /usr/local/MATLAB/MATLAB_Compiler_Runtime/v716/bin/glnx86/libxerces-c.so.27.0
b50aa000-b520a000 r-xp 00000000 09:01 162797467                          /usr/local/MATLAB/MATLAB_Compiler_Runtime/v716/bin/glnx86/libmwuix.so
b520a000-b521a000 rw-p 00160000 09:01 162797467                          /usr/local/MATLAB/MATLAB_Compiler_Runtime/v716/bin/glnx86/libmwuix.so
b521a000-b521e000 rw-p b521a000 00:00 0 
b521e000-b5242000 r-xp 00000000 09:01 162797811                          /usr/local/MATLAB/MATLAB_Compiler_Runtime/v716/bin/glnx86/libmwMCR_res.so
b5242000-b5243000 rw-p 00024000 09:01 162797811                          /usr/local/MATLAB/MATLAB_Compiler_Runtime/v716/bin/glnx86/libmwMCR_res.so
b5243000-b5394000 r-xp 00000000 09:01 162797355                          /usr/local/MATLAB/MATLAB_Compiler_Runtime/v716/bin/glnx86/libmwiqm.so
b5394000-b53a2000 rw-p 00150000 09:01 162797355                          /usr/local/MATLAB/MATLAB_Compiler_Runtime/v716/bin/glnx86/libmwiqm.so
b53a2000-b53a5000 rw-p b53a2000 00:00 0 
b53a5000-b543a000 r-xp 00000000 09:01 162797436                          /usr/local/MATLAB/MATLAB_Compiler_Runtime/v716/bin/glnx86/libmwmvm.so
b543a000-b5441000 rw-p 00095000 09:01 162797436                          /usr/local/MATLAB/MATLAB_Compiler_Runtime/v716/bin/glnx86/libmwmvm.so
b5441000-b5442000 rw-p b5441000 00:00 0 
b5442000-b547a000 r-xp 00000000 09:01 162797948                          /usr/local/MATLAB/MATLAB_Compiler_Runtime/v716/bin/glnx86/libmwmclbase.so
b547a000-b547c000 rw-p 00037000 09:01 162797948                          /usr/local/MATLAB/MATLAB_Compiler_Runtime/v716/bin/glnx86/libmwmclbase.so
b547c000-b5488000 r-xp 00000000 09:01 162797762                          /usr/local/MATLAB/MATLAB_Compiler_Runtime/v716/bin/glnx86/libmwjproxy.so
b5488000-b5489000 rw-p 0000b000 09:01 162797762                          /usr/local/MATLAB/MATLAB_Compiler_Runtime/v716/bin/glnx86/libmwjproxy.so
b5489000-b54c5000 r-xp 00000000 09:01 162797810                          /usr/local/MATLAB/MATLAB_Compiler_Runtime/v716/bin/glnx86/libmwxsd_binder.so
b54c5000-b54c6000 rw-p 0003b000 09:01 162797810                          /usr/local/MATLAB/MATLAB_Compiler_Runtime/v716/bin/glnx86/libmwxsd_binder.so
b54c6000-b557f000 r-xp 00000000 09:01 162797365                          /usr/local/MATLAB/MATLAB_Compiler_Runtime/v716/bin/glnx86/libmwudd.so
b557f000-b558b000 rw-p 000b8000 09:01 162797365                          /usr/local/MATLAB/MATLAB_Compiler_Runtime/v716/bin/glnx86/libmwudd.so
b558b000-b558d000 rw-p b558b000 00:00 0 
b558d000-b55c9000 r-xp 00000000 09:01 162797560                          /usr/local/MATLAB/MATLAB_Compiler_Runtime/v716/bin/glnx86/libmwdservices.so
b55c9000-b55cb000 rw-p 0003c000 09:01 162797560                          /usr/local/MATLAB/MATLAB_Compiler_Runtime/v716/bin/glnx86/libmwdservices.so
b55cb000-b55cd000 rw-p b55cb000 00:00 0 
b55cd000-b5633000 r-xp 00000000 09:01 162797354                          /usr/local/MATLAB/MATLAB_Compiler_Runtime/v716/bin/glnx86/libmwjmi.so
b5633000-b5636000 rw-p 00066000 09:01 162797354                          /usr/local/MATLAB/MATLAB_Compiler_Runtime/v716/bin/glnx86/libmwjmi.so
b5636000-b5637000 rw-p b5636000 00:00 0 
b5637000-b566f000 r-xp 00000000 09:01 162797442                          /usr/local/MATLAB/MATLAB_Compiler_Runtime/v716/bin/glnx86/libmwmpath.so
b566f000-b5672000 rw-p 00037000 09:01 162797442                          /usr/local/MATLAB/MATLAB_Compiler_Runtime/v716/bin/glnx86/libmwmpath.so
b5672000-b5674000 rw-p b5672000 00:00 0 
b5674000-b5701000 r-xp 00000000 09:01 162797465                          /usr/local/MATLAB/MATLAB_Compiler_Runtime/v716/bin/glnx86/libmwm_dispatcher.so
b5701000-b5705000 rw-p 0008c000 09:01 162797465                          /usr/local/MATLAB/MATLAB_Compiler_Runtime/v716/bin/glnx86/libmwm_dispatcher.so
b5705000-b5bad000 r-xp 00000000 09:01 162797342                          /usr/local/MATLAB/MATLAB_Compiler_Runtime/v716/bin/glnx86/libmwm_interpreter.so
b5bad000-b5c38000 rw-p 004a7000 09:01 162797342                          /usr/local/MATLAB/MATLAB_Compiler_Runtime/v716/bin/glnx86/libmwm_interpreter.so
b5c38000-b5ca0000 rw-p b5c38000 00:00 0 
b5ca0000-b5d43000 r-xp 00000000 09:01 162797986                          /usr/local/MATLAB/MATLAB_Compiler_Runtime/v716/bin/glnx86/libmwctfrtcrypto.so
b5d43000-b5d4a000 rw-p 000a3000 09:01 162797986                          /usr/local/MATLAB/MATLAB_Compiler_Runtime/v716/bin/glnx86/libmwctfrtcrypto.so
b5d4a000-b5d57000 r-xp 00000000 09:01 162797919                          /usr/local/MATLAB/MATLAB_Compiler_Runtime/v716/bin/glnx86/libmwctfrt.so
b5d57000-b5d58000 rw-p 0000c000 09:01 162797919                          /usr/local/MATLAB/MATLAB_Compiler_Runtime/v716/bin/glnx86/libmwctfrt.so
b5d58000-b5d81000 r-xp 00000000 09:01 162797999                          /usr/local/MATLAB/MATLAB_Compiler_Runtime/v716/bin/glnx86/libmwctfarchiver.so
b5d81000-b5d83000 rw-p 00028000 09:01 162797999                          /usr/local/MATLAB/MATLAB_Compiler_Runtime/v716/bin/glnx86/libmwctfarchiver.so
b5d83000-b5d90000 r-xp 00000000 09:01 162797426                          /usr/local/MATLAB/MATLAB_Compiler_Runtime/v716/bin/glnx86/libmex.so
b5d90000-b5d91000 rw-p 0000d000 09:01 162797426                          /usr/local/MATLAB/MATLAB_Compiler_Runtime/v716/bin/glnx86/libmex.so
b5d91000-b5f3f000 r-xp 00000000 09:01 162797433                          /usr/local/MATLAB/MATLAB_Compiler_Runtime/v716/bin/glnx86/libmwservices.so
b5f3f000-b5f4a000 rw-p 001ad000 09:01 162797433                          /usr/local/MATLAB/MATLAB_Compiler_Runtime/v716/bin/glnx86/libmwservices.so
b5f4a000-b5f57000 rw-p b5f4a000 00:00 0 
b5f57000-b5fd3000 r-xp 00000000 09:01 162797385                          /usr/local/MATLAB/MATLAB_Compiler_Runtime/v716/bin/glnx86/libmwmcr.so
b5fd3000-b5fd7000 rw-p 0007c000 09:01 162797385                          /usr/local/MATLAB/MATLAB_Compiler_Runtime/v716/bin/glnx86/libmwmcr.so
b5fd7000-b5fda000 rw-p b5fd7000 00:00 0 
b5fda000-b617f000 r-xp 00000000 09:01 162797855                          /usr/local/MATLAB/MATLAB_Compiler_Runtime/v716/bin/glnx86/libmwmclmcr.so
b617f000-b618a000 rw-p 001a5000 09:01 162797855                          /usr/local/MATLAB/MATLAB_Compiler_Runtime/v716/bin/glnx86/libmwmclmcr.so
b618a000-b618d000 rw-p b618a000 00:00 0 
b618d000-b642e000 r-xp 00000000 09:01 162796424                          /usr/local/MATLAB/MATLAB_Compiler_Runtime/v716/bin/glnx86/libhdf5.so.6.0.5
b642e000-b6434000 rw-p 002a1000 09:01 162796424                          /usr/local/MATLAB/MATLAB_Compiler_Runtime/v716/bin/glnx86/libhdf5.so.6.0.5
b6434000-b6435000 rw-p b6434000 00:00 0 
b6435000-b6450000 r-xp 00000000 09:01 162796426                          /usr/local/MATLAB/MATLAB_Compiler_Runtime/v716/bin/glnx86/libhdf5_hl.so.6.0.5
b6450000-b6451000 rw-p 0001b000 09:01 162796426                          /usr/local/MATLAB/MATLAB_Compiler_Runtime/v716/bin/glnx86/libhdf5_hl.so.6.0.5
b6451000-b6462000 rw-p b6451000 00:00 0 
b6462000-b649c000 r-xp 00000000 09:01 162796431                          /usr/local/MATLAB/MATLAB_Compiler_Runtime/v716/bin/glnx86/libmat.so
b649c000-b649e000 rw-p 0003a000 09:01 162796431                          /usr/local/MATLAB/MATLAB_Compiler_Runtime/v716/bin/glnx86/libmat.so
b649e000-b64b0000 r-xp 00000000 09:01 162796414                          /usr/local/MATLAB/MATLAB_Compiler_Runtime/v716/bin/glnx86/libboost_signals.so.1.44.0
b64b0000-b64b1000 rw-p 00011000 09:01 162796414                          /usr/local/MATLAB/MATLAB_Compiler_Runtime/v716/bin/glnx86/libboost_signals.so.1.44.0
b64b1000-b65ab000 r-xp 00000000 09:01 162796408                          /usr/local/MATLAB/MATLAB_Compiler_Runtime/v716/bin/glnx86/libboost_regex.so.1.44.0
b65ab000-b65af000 rw-p 000f9000 09:01 162796408                          /usr/local/MATLAB/MATLAB_Compiler_Runtime/v716/bin/glnx86/libboost_regex.so.1.44.0
b65af000-b65b8000 r-xp 00000000 09:01 171446072                          /lib/libcrypt-2.11.1.so
b65b8000-b65b9000 r--p 00008000 09:01 171446072                          /lib/libcrypt-2.11.1.so
b65b9000-b65ba000 rw-p 00009000 09:01 171446072                          /lib/libcrypt-2.11.1.so
b65ba000-b65e1000 rw-p b65ba000 00:00 0 
b65e1000-b65f5000 r-xp 00000000 09:01 162796429                          /usr/local/MATLAB/MATLAB_Compiler_Runtime/v716/bin/glnx86/libtbbmalloc.so.2
b65f5000-b65f7000 rw-p 00013000 09:01 162796429                          /usr/local/MATLAB/MATLAB_Compiler_Runtime/v716/bin/glnx86/libtbbmalloc.so.2
b65f7000-b65ff000 rw-p b65f7000 00:00 0 
b65ff000-b6638000 r-xp 00000000 09:01 162796428                          /usr/local/MATLAB/MATLAB_Compiler_Runtime/v716/bin/glnx86/libtbb.so.2
b6638000-b663c000 rw-p 00038000 09:01 162796428                          /usr/local/MATLAB/MATLAB_Compiler_Runtime/v716/bin/glnx86/libtbb.so.2
b663c000-b663d000 rw-p b663c000 00:00 0 
b663d000-b6644000 r-xp 00000000 09:01 173542099                          /lib/librt-2.11.1.so
b6644000-b6645000 r--p 00006000 09:01 173542099                          /lib/librt-2.11.1.so
b6645000-b6646000 rw-p 00007000 09:01 173542099                          /lib/librt-2.11.1.so
b6646000-b666a000 r-xp 00000000 09:01 162796423                          /usr/local/MATLAB/MATLAB_Compiler_Runtime/v716/bin/glnx86/libexpat.so.1.5.0
b666a000-b666c000 rw-p 00024000 09:01 162796423                          /usr/local/MATLAB/MATLAB_Compiler_Runtime/v716/bin/glnx86/libexpat.so.1.5.0
b666c000-b668d000 r-xp 00000000 09:01 162796402                          /usr/local/MATLAB/MATLAB_Compiler_Runtime/v716/bin/glnx86/libboost_filesystem.so.1.44.0
b668d000-b668e000 rw-p 00020000 09:01 162796402                          /usr/local/MATLAB/MATLAB_Compiler_Runtime/v716/bin/glnx86/libboost_filesystem.so.1.44.0
b668e000-b66a1000 r-xp 00000000 09:01 155912622                          /lib/libz.so.1.2.3.3
b66a1000-b66a2000 r--p 00012000 09:01 155912622                          /lib/libz.so.1.2.3.3
b66a2000-b66a3000 rw-p 00013000 09:01 155912622                          /lib/libz.so.1.2.3.3
b66a3000-b66a4000 rw-p b66a3000 00:00 0 
b66a4000-b66ab000 r-xp 00000000 09:01 162797397                          /usr/local/MATLAB/MATLAB_Compiler_Runtime/v716/bin/glnx86/libmwmtok.so
b66ab000-b66ac000 rw-p 00006000 09:01 162797397                          /usr/local/MATLAB/MATLAB_Compiler_Runtime/v716/bin/glnx86/libmwmtok.so
b66ac000-b66b5000 r-xp 00000000 09:01 162796395                          /usr/local/MATLAB/MATLAB_Compiler_Runtime/v716/bin/glnx86/libicuio.so.44.2
b66b5000-b66b6000 rw-p 00009000 09:01 162796395                          /usr/local/MATLAB/MATLAB_Compiler_Runtime/v716/bin/glnx86/libicuio.so.44.2
b66b6000-b6895000 r-xp 00000000 09:01 162796398                          /usr/local/MATLAB/MATLAB_Compiler_Runtime/v716/bin/glnx86/libicui18n.so.44.2
b6895000-b689c000 rw-p 001de000 09:01 162796398                          /usr/local/MATLAB/MATLAB_Compiler_Runtime/v716/bin/glnx86/libicui18n.so.44.2
b689c000-b69c7000 r-xp 00000000 09:01 162796400                          /usr/local/MATLAB/MATLAB_Compiler_Runtime/v716/bin/glnx86/libicuuc.so.44.2
b69c7000-b69d2000 rw-p 0012a000 09:01 162796400                          /usr/local/MATLAB/MATLAB_Compiler_Runtime/v716/bin/glnx86/libicuuc.so.44.2
b69d2000-b69d4000 rw-p b69d2000 00:00 0 
b69d4000-b7814000 r--p 00000000 09:01 162796396                          /usr/local/MATLAB/MATLAB_Compiler_Runtime/v716/bin/glnx86/libicudata.so.44.2
b7814000-b7815000 rw-p 00e3f000 09:01 162796396                          /usr/local/MATLAB/MATLAB_Compiler_Runtime/v716/bin/glnx86/libicudata.so.44.2
b7815000-b7828000 r-xp 00000000 09:01 162796419                          /usr/local/MATLAB/MATLAB_Compiler_Runtime/v716/bin/glnx86/libboost_thread.so.1.44.0
b7828000-b7829000 rw-p 00013000 09:01 162796419                          /usr/local/MATLAB/MATLAB_Compiler_Runtime/v716/bin/glnx86/libboost_thread.so.1.44.0
b7829000-b7838000 r-xp 00000000 09:01 162796418                          /usr/local/MATLAB/MATLAB_Compiler_Runtime/v716/bin/glnx86/libboost_date_time.so.1.44.0
b7838000-b7839000 rw-p 0000f000 09:01 162796418                          /usr/local/MATLAB/MATLAB_Compiler_Runtime/v716/bin/glnx86/libboost_date_time.so.1.44.0
b7839000-b7a46000 r-xp 00000000 09:01 162796430                          /usr/local/MATLAB/MATLAB_Compiler_Runtime/v716/bin/glnx86/libmwMATLAB_res.so
b7a46000-b7a47000 rw-p 0020d000 09:01 162796430                          /usr/local/MATLAB/MATLAB_Compiler_Runtime/v716/bin/glnx86/libmwMATLAB_res.so
b7a47000-b7a4b000 rw-p b7a47000 00:00 0 
b7a4b000-b7af2000 r-xp 00000000 09:01 162796435                          /usr/local/MATLAB/MATLAB_Compiler_Runtime/v716/bin/glnx86/libmwfl.so
b7af2000-b7af6000 rw-p 000a7000 09:01 162796435                          /usr/local/MATLAB/MATLAB_Compiler_Runtime/v716/bin/glnx86/libmwfl.so
b7af6000-b7b07000 rw-p b7af6000 00:00 0 
b7b07000-b7bcd000 r-xp 00000000 09:01 162796432                          /usr/local/MATLAB/MATLAB_Compiler_Runtime/v716/bin/glnx86/libut.so
b7bcd000-b7bd4000 rw-p 000c5000 09:01 162796432                          /usr/local/MATLAB/MATLAB_Compiler_Runtime/v716/bin/glnx86/libut.so
b7bd4000-b7be4000 rw-p b7bd4000 00:00 0 
b7be4000-b7c50000 r-xp 00000000 09:01 162796434                          /usr/local/MATLAB/MATLAB_Compiler_Runtime/v716/bin/glnx86/libmwi18n.so
b7c50000-b7c53000 rw-p 0006b000 09:01 162796434                          /usr/local/MATLAB/MATLAB_Compiler_Runtime/v716/bin/glnx86/libmwi18n.so
b7c53000-b7cee000 r-xp 00000000 09:01 162796436                          /usr/local/MATLAB/MATLAB_Compiler_Runtime/v716/bin/glnx86/libmx.so
b7cee000-b7cf0000 rw-p 0009b000 09:01 162796436                          /usr/local/MATLAB/MATLAB_Compiler_Runtime/v716/bin/glnx86/libmx.so
b7cf0000-b7cf2000 rw-p b7cf0000 00:00 0 
b7cf2000-b7cf4000 r-xp 00000000 09:01 173542016                          /lib/libdl-2.11.1.so
b7cf4000-b7cf5000 r--p 00001000 09:01 173542016                          /lib/libdl-2.11.1.so
b7cf5000-b7cf6000 rw-p 00002000 09:01 173542016                          /lib/libdl-2.11.1.so
b7cf6000-b7e38000 r-xp 00000000 09:01 169612928                          /lib/libc-2.11.1.so
b7e38000-b7e39000 ---p 00142000 09:01 169612928                          /lib/libc-2.11.1.so
b7e39000-b7e3b000 r--p 00142000 09:01 169612928                          /lib/libc-2.11.1.so
b7e3b000-b7e3c000 rw-p 00144000 09:01 169612928                          /lib/libc-2.11.1.so
b7e3c000-b7e40000 rw-p b7e3c000 00:00 0 
b7e40000-b7e54000 r-xp 00000000 09:01 173542097                          /lib/libpthread-2.11.1.so
b7e54000-b7e55000 r--p 00014000 09:01 173542097                          /lib/libpthread-2.11.1.so
b7e55000-b7e56000 rw-p 00015000 09:01 173542097                          /lib/libpthread-2.11.1.so
b7e56000-b7e58000 rw-p b7e56000 00:00 0 
b7e58000-b7e64000 r-xp 00000000 09:01 162797462                          /usr/local/MATLAB/MATLAB_Compiler_Runtime/v716/sys/os/glnx86/libgcc_s.so.1
b7e64000-b7e65000 rw-p 0000b000 09:01 162797462                          /usr/local/MATLAB/MATLAB_Compiler_Runtime/v716/sys/os/glnx86/libgcc_s.so.1
b7e65000-b7e89000 r-xp 00000000 09:01 173542017                          /lib/libm-2.11.1.so
b7e89000-b7e8a000 r--p 00023000 09:01 173542017                          /lib/libm-2.11.1.so
b7e8a000-b7e8b000 rw-p 00024000 09:01 173542017                          /lib/libm-2.11.1.so
b7e8b000-b7e8d000 r-xp 00000000 09:01 162797963                          /usr/local/MATLAB/MATLAB_Compiler_Runtime/v716/bin/glnx86/libmwmcli18nutil.so
b7e8d000-b7e8e000 rw-p 00001000 09:01 162797963                          /usr/local/MATLAB/MATLAB_Compiler_Runtime/v716/bin/glnx86/libmwmcli18nutil.so
b7e8e000-b7e90000 r-xp 00000000 09:01 162796416                          /usr/local/MATLAB/MATLAB_Compiler_Runtime/v716/bin/glnx86/libboost_system.so.1.44.0
b7e90000-b7e91000 rw-p 00002000 09:01 162796416                          /usr/local/MATLAB/MATLAB_Compiler_Runtime/v716/bin/glnx86/libboost_system.so.1.44.0
b7e91000-b7e93000 r-xp 00000000 09:01 162796420                          /usr/local/MATLAB/MATLAB_Compiler_Runtime/v716/bin/glnx86/libmwresource_core.so
b7e93000-b7e94000 rw-p 00001000 09:01 162796420                          /usr/local/MATLAB/MATLAB_Compiler_Runtime/v716/bin/glnx86/libmwresource_core.so
b7e94000-b7f73000 r-xp 00000000 09:01 162797417                          /usr/local/MATLAB/MATLAB_Compiler_Runtime/v716/sys/os/glnx86/libstdc++.so.6.0.10
b7f73000-b7f77000 r--p 000df000 09:01 162797417                          /usr/local/MATLAB/MATLAB_Compiler_Runtime/v716/sys/os/glnx86/libstdc++.so.6.0.10
b7f77000-b7f78000 rw-p 000e3000 09:01 162797417                          /usr/local/MATLAB/MATLAB_Compiler_Runtime/v716/sys/os/glnx86/libstdc++.so.6.0.10
b7f78000-b7f7e000 rw-p b7f78000 00:00 0 
b7f7e000-b7f82000 r-xp 00000000 09:01 152700604                          /var/www/chicagowebdice/libdice.so
b7f82000-b7f83000 rw-p 00003000 09:01 152700604                          /var/www/chicagowebdice/libdice.so
b7f83000-b7f84000 rw-p b7f83000 00:00 0 
b7f84000-b7fb8000 r-xp 00000000 09:01 162797838                          /usr/local/MATLAB/MATLAB_Compiler_Runtime/v716/runtime/glnx86/libmwmclmcrrt.so.7.16
b7fb8000-b7fb9000 rw-p 00034000 09:01 162797838                          /usr/local/MATLAB/MATLAB_Compiler_Runtime/v716/runtime/glnx86/libmwmclmcrrt.so.7.16
b7fb9000-b7fc8000 rw-p b7fb9000 00:00 0 
b7fc8000-b7fe3000 r-xp 00000000 09:01 169411624                          /lib/ld-2.11.1.so
b7fe3000-b7fe4000 r--p 0001a000 09:01 169411624                          /lib/ld-2.11.1.so
b7fe4000-b7fe5000 rw-p 0001b000 09:01 169411624                          /lib/ld-2.11.1.so
bfaa6000-bfaba000 rwxp 7ffffffe9000 00:00 0                              [stack]
bfaba000-bfabb000 rw-p 7fffffffe000 00:00 0 

VM Arguments:
jvm_args: -Xms64m -XX:NewRatio=3 -XX:MaxPermSize=64m -Xmx128m -XX:MaxDirectMemorySize=1200000000 -Djava.util.prefs.PreferencesFactory=com.mathworks.util.DisabledPreferencesFactory -XX:+AllowUserSignalHandlers -Xrs -Dsun.awt.disableMixing=true -Djava.library.path=/usr/local/MATLAB/MATLAB_Compiler_Runtime/v716/bin/glnx86 vfprintf abort -Djava.awt.headless=true -Dfile.encoding=US-ASCII 
java_command: <unknown>
Launcher Type: generic

Environment Variables:
PATH=/usr/local/MATLAB/MATLAB_Compiler_Runtime/v716/runtime/glnx86:/usr/local/MATLAB/MATLAB_Compiler_Runtime/v716/sys/os/glnx86:/usr/local/MATLAB/MATLAB_Compiler_Runtime/v716/sys/java/jre/glnx86/jre/lib/i386/native_threads:/usr/local/MATLAB/MATLAB_Compiler_Runtime/v716/sys/java/jre/glnx86/jre/lib/i386/server:/usr/local/MATLAB/MATLAB_Compiler_Runtime/v716/sys/java/jre/glnx86/jre/lib/i386:/usr/local/bin:/usr/bin:/bin
LD_LIBRARY_PATH=/usr/local/MATLAB/MATLAB_Compiler_Runtime/v716/bin/glnx86:/usr/local/MATLAB/MATLAB_Compiler_Runtime/v716/runtime/glnx86:/usr/local/MATLAB/MATLAB_Compiler_Runtime/v716/sys/os/glnx86:/usr/local/MATLAB/MATLAB_Compiler_Runtime/v716/sys/java/jre/glnx86/jre/lib/i386/native_threads:/usr/local/MATLAB/MATLAB_Compiler_Runtime/v716/sys/java/jre/glnx86/jre/lib/i386/server:/usr/local/MATLAB/MATLAB_Compiler_Runtime/v716/sys/java/jre/glnx86/jre/lib/i386:

Signal Handlers:
SIGSEGV: [libjvm.so+0x650710], sa_mask[0]=0x7ffbfeff, sa_flags=0x00000004
SIGBUS: [libjvm.so+0x650710], sa_mask[0]=0x7ffbfeff, sa_flags=0x00000004
SIGFPE: [libmwmcr.so+0x6063c], sa_mask[0]=0x08080002, sa_flags=0x00000004
SIGPIPE: [libjvm.so+0x52f600], sa_mask[0]=0x7ffbfeff, sa_flags=0x10000004
SIGXFSZ: [libjvm.so+0x52f600], sa_mask[0]=0x7ffbfeff, sa_flags=0x10000004
SIGILL: [libmwmcr.so+0x6063c], sa_mask[0]=0x08080002, sa_flags=0x00000004
SIGUSR1: SIG_DFL, sa_mask[0]=0x00000000, sa_flags=0x00000000
SIGUSR2: [libjvm.so+0x5321f0], sa_mask[0]=0x08080002, sa_flags=0x10000004
SIGHUP: SIG_DFL, sa_mask[0]=0x00000000, sa_flags=0x00000000
SIGINT: SIG_DFL, sa_mask[0]=0x00000000, sa_flags=0x00000000
SIGTERM: SIG_DFL, sa_mask[0]=0x00000000, sa_flags=0x00000000
SIGQUIT: [libmwmcr.so+0x60b0b], sa_mask[0]=0x08080002, sa_flags=0x00000004


---------------  S Y S T E M  ---------------

OS:squeeze/sid

uname:Linux 2.6.18-274.3.1.el5.028stab094.3 #1 SMP Thu Sep 22 13:24:07 MSD 2011 i686
libc:glibc 2.11.1 NPTL 2.11.1 
rlimit: STACK 10240k, CORE 0k, NPROC 139264, NOFILE 1024, AS infinity
load average:0.12 0.06 0.01

CPU:total 4 (8 cores per cpu, 2 threads per core) family 6 model 30 stepping 5, cmov, cx8, fxsr, mmx, sse, sse2, sse3, ssse3, sse4.1, sse4.2, ht

Memory: 4k page, physical 1048576k(94860k free), swap 10482296k(10182008k free)

vm_info: Java HotSpot(TM) Server VM (14.3-b01) for linux-x86 JRE (1.6.0_17-b04), built on Oct 11 2009 01:01:36 by "java_re" with gcc 3.2.1-7a (J2SE release)

time: Thu Mar 29 20:58:21 2012
elapsed time: 1 seconds

